xxxxxxxxxxxxxxxxxxxxxxxxxxxxxxxxxxxxxxxxxxxxxxxxxxxxxxxxxxxxxxxxxxxxxxxxx
matrixcalc_AMD64 @ NEWISO # of staircase based cells: 0
                          # of staircase based faces: 0, 0, 0
                          # of staircase based edges: 0, 0, 0
                          fill limit changes: falsemeshfill changed: true
xxxxxxxxxxxxxxxxxxxxxxxxxxxxxxxxxxxxxxxxxxxxxxxxxxxxxxxxxxxxxxxxxxxxxxxxx
xxxxxxxxxxxxxxxxxxxxxxxxxxxxxxxxxxxxxxxxxxxxxxxxxxxxxxxxxxxxxxxxxxxxxxxxx
matrixcalc_AMD64 @ NEWISO # of staircase based cells: 0
                          # of staircase based faces: 0, 0, 0
                          # of staircase based edges: 0, 0, 0
                          fill limit changes: falsemeshfill changed: true
xxxxxxxxxxxxxxxxxxxxxxxxxxxxxxxxxxxxxxxxxxxxxxxxxxxxxxxxxxxxxxxxxxxxxxxxx
xxxxxxxxxxxxxxxxxxxxxxxxxxxxxxxxxxxxxxxxxxxxxxxxxxxxxxxxxxxxxxxxxxxxxxxxx
matrixcalc_AMD64 @ NEWISO # of staircase based cells: 0
                          # of staircase based faces: 0, 0, 0
                          # of staircase based edges: 0, 0, 0
                          fill limit changes: falsemeshfill changed: true
xxxxxxxxxxxxxxxxxxxxxxxxxxxxxxxxxxxxxxxxxxxxxxxxxxxxxxxxxxxxxxxxxxxxxxxxx
xxxxxxxxxxxxxxxxxxxxxxxxxxxxxxxxxxxxxxxxxxxxxxxxxxxxxxxxxxxxxxxxxxxxxxxxxxxxxxxxxx
matrixcalc_AMD64 @ NEWISO (1xN000) # of staircase based cells: 0
                                   # of staircase based faces: 0, 0, 0
                                   # of staircase based edges: 0, 0, 0
                                   fill limit changes: falsemeshfill changed: true
xxxxxxxxxxxxxxxxxxxxxxxxxxxxxxxxxxxxxxxxxxxxxxxxxxxxxxxxxxxxxxxxxxxxxxxxxxxxxxxxxx


xxxxxxxxxxxxxxxxxxxxxxxxxxxxxxxxxxxxxxxxxxxxxxxxxxxxxxxxxxxxxxxxxxxxxxxxxxxxxxxxxx
matrixcalc_AMD64 @ NEWISO (1xN001) # of staircase based cells: 0
                                   # of staircase based faces: 0, 0, 0
                                   # of staircase based edges: 0, 0, 0
                                   fill limit changes: falsemeshfill changed: true
xxxxxxxxxxxxxxxxxxxxxxxxxxxxxxxxxxxxxxxxxxxxxxxxxxxxxxxxxxxxxxxxxxxxxxxxxxxxxxxxxx


