Port monitor named: Port1_e1.prt

nx        = 57
ny        = 69
nz        = 24

nu        = 13
nv        = 49
iu        = 8
iv        = 5

idir      = 1
dcut      = 0.000000e+000
icut      = 5
type      = 0
frequency = 3.000000e+010

fcutoff   = 0.000000e+000
alpha     = 0.000000e+000
beta      = 8.732451e+002
accuracy  = 3.210002e-014

type          = QTEM
wave imp.     = 2.770558e+002
wave imp.sig. = 5.787989e-012
line imp.     = 4.977099e+001

ref. port     = 0

-0.000000e+000  -0.000000e+000  -0.000000e+000  -0.000000e+000  -0.000000e+000  -0.000000e+000  -0.000000e+000  -0.000000e+000  -0.000000e+000  -0.000000e+000  -0.000000e+000  -0.000000e+000  -0.000000e+000  
-7.204561e+001  -7.035831e+001  -6.971424e+001  -7.116188e+001  -7.566892e+001  -8.344100e+001  -8.612444e+001  -8.337000e+001  -7.177979e+001  -4.133859e+001  -1.663662e+001  -6.059549e+000  -0.000000e+000  
-1.457822e+002  -1.400468e+002  -1.378522e+002  -1.399175e+002  -1.493355e+002  -1.706863e+002  -1.758729e+002  -1.691056e+002  -1.442242e+002  -8.243749e+001  -3.294450e+001  -1.185200e+001  -0.000000e+000  
-2.249425e+002  -2.071392e+002  -2.027664e+002  -2.027885e+002  -2.147540e+002  -2.695341e+002  -2.735440e+002  -2.593624e+002  -2.178523e+002  -1.230276e+002  -4.858972e+001  -1.711107e+001  -0.000000e+000  
-2.264119e+002  -2.633242e+002  -2.645528e+002  -2.560208e+002  -2.479376e+002  -4.033150e+002  -3.832910e+002  -3.553100e+002  -2.928927e+002  -1.627843e+002  -6.322854e+001  -2.157223e+001  -0.000000e+000  
-3.817170e+002  -3.603720e+002  -3.441709e+002  -3.227121e+002  -2.926306e+002  -5.590872e+002  -5.136923e+002  -4.681022e+002  -3.785714e+002  -2.059077e+002  -7.802469e+001  -2.531536e+001  -0.000000e+000  
-4.659420e+002  -4.514054e+002  -4.290809e+002  -3.983724e+002  -3.586395e+002  -7.064151e+002  -6.463576e+002  -5.843594e+002  -4.653366e+002  -2.467862e+002  -9.057664e+001  -2.736403e+001  -0.000000e+000  
-5.653809e+002  -5.503475e+002  -5.225732e+002  -4.833464e+002  -4.340610e+002  -8.583830e+002  -7.831820e+002  -7.039919e+002  -5.525729e+002  -2.845731e+002  -1.003278e+002  -2.736828e+001  -0.000000e+000  
-6.804532e+002  -6.624539e+002  -6.278648e+002  -5.786546e+002  -5.173897e+002  -1.019770e+003  -9.263121e+002  -8.275110e+002  -6.394996e+002  -3.182453e+002  -1.066944e+002  -2.499552e+001  -0.000000e+000  
-8.142393e+002  -7.917663e+002  -7.482676e+002  -6.863483e+002  -6.095920e+002  -1.193483e+003  -1.077384e+003  -9.552981e+002  -7.249940e+002  -3.465734e+002  -1.090688e+002  -1.993779e+001  -0.000000e+000  
-9.714327e+002  -9.429424e+002  -8.877599e+002  -8.093173e+002  -7.124267e+002  -1.381976e+003  -1.237516e+003  -1.087254e+003  -8.073708e+002  -3.680913e+002  -1.068290e+002  -1.192068e+001  -0.000000e+000  
-1.183693e+003  -1.146149e+003  -1.073461e+003  -9.703183e+002  -8.434062e+002  -1.614268e+003  -1.428992e+003  -1.239553e+003  -8.932716e+002  -3.820869e+002  -9.805666e+001  9.020042e-001  -0.000000e+000  
-1.445655e+003  -1.395818e+003  -1.299308e+003  -1.162449e+003  -9.945448e+002  -1.871002e+003  -1.631966e+003  -1.393012e+003  -9.667882e+002  -3.824184e+002  -8.181123e+001  1.799789e+001  -0.000000e+000  
-1.773781e+003  -1.707388e+003  -1.578528e+003  -1.395398e+003  -1.170800e+003  -2.154215e+003  -1.843348e+003  -1.541556e+003  -1.020157e+003  -3.658079e+002  -5.732992e+001  3.949253e+001  -0.000000e+000  
-3.123047e+003  -2.984372e+003  -2.710557e+003  -2.312513e+003  -1.815612e+003  -3.065101e+003  -2.425280e+003  -1.865556e+003  -1.006820e+003  -2.155657e+002  5.477449e+001  1.206874e+002  -0.000000e+000  
-5.860455e+003  -5.614775e+003  -5.087095e+003  -4.218220e+003  -2.975661e+003  -4.017352e+003  -2.515642e+003  -1.506133e+003  -3.813237e+002  1.622571e+002  2.350061e+002  2.278575e+002  -0.000000e+000  
-7.473889e+003  -7.282848e+003  -6.815522e+003  -5.860253e+003  -4.036657e+003  -3.913946e+003  -1.674493e+003  -6.376890e+002  1.430917e+002  3.514977e+002  3.096058e+002  2.686683e+002  -0.000000e+000  
-9.338021e+003  -9.318828e+003  -9.202884e+003  -8.684414e+003  -6.615781e+003  -2.621589e+003  3.334419e+002  8.352551e+002  7.954283e+002  5.557484e+002  3.857741e+002  3.091103e+002  -0.000000e+000  
-1.121431e+004  -1.147337e+004  -1.212840e+004  -1.362165e+004  -1.734465e+004  1.048111e+004  4.740933e+003  2.823712e+003  1.466951e+003  7.571379e+002  4.599233e+002  3.478527e+002  -0.000000e+000  
-1.278432e+004  -1.313304e+004  -1.394354e+004  -1.549198e+004  -1.830090e+004  8.355481e+003  5.373099e+003  3.669187e+003  1.977793e+003  9.450177e+002  5.317917e+002  3.852932e+002  -0.000000e+000  
-1.380506e+004  -1.407172e+004  -1.461835e+004  -1.542843e+004  -1.629390e+004  5.620027e+003  4.657084e+003  3.667387e+003  2.256271e+003  1.095780e+003  5.940150e+002  4.179710e+002  -0.000000e+000  
-1.439905e+004  -1.456306e+004  -1.486989e+004  -1.525519e+004  -1.556967e+004  4.381390e+003  3.996650e+003  3.428016e+003  2.375380e+003  1.206811e+003  6.441420e+002  4.446672e+002  -0.000000e+000  
-1.472068e+004  -1.481383e+004  -1.497776e+004  -1.516359e+004  -1.529539e+004  3.753055e+003  3.557502e+003  3.198382e+003  2.411008e+003  1.281160e+003  6.806765e+002  4.644195e+002  -0.000000e+000  
-1.487667e+004  -1.493264e+004  -1.502738e+004  -1.512841e+004  -1.519499e+004  3.443677e+003  3.315199e+003  3.051094e+003  2.414370e+003  1.323387e+003  7.028271e+002  4.765426e+002  -0.000000e+000  
-1.492302e+004  -1.496776e+004  -1.504234e+004  -1.512003e+004  -1.516993e+004  3.349464e+003  3.238212e+003  3.001437e+003  2.412704e+003  1.337030e+003  7.102424e+002  4.806287e+002  -0.000000e+000  
-1.487667e+004  -1.493264e+004  -1.502738e+004  -1.512841e+004  -1.519499e+004  3.443677e+003  3.315199e+003  3.051094e+003  2.414370e+003  1.323387e+003  7.028271e+002  4.765426e+002  -0.000000e+000  
-1.472068e+004  -1.481383e+004  -1.497776e+004  -1.516359e+004  -1.529539e+004  3.753055e+003  3.557502e+003  3.198382e+003  2.411008e+003  1.281160e+003  6.806765e+002  4.644195e+002  -0.000000e+000  
-1.439905e+004  -1.456306e+004  -1.486989e+004  -1.525519e+004  -1.556967e+004  4.381390e+003  3.996650e+003  3.428016e+003  2.375380e+003  1.206811e+003  6.441420e+002  4.446672e+002  -0.000000e+000  
-1.380506e+004  -1.407172e+004  -1.461835e+004  -1.542843e+004  -1.629390e+004  5.620027e+003  4.657084e+003  3.667387e+003  2.256271e+003  1.095780e+003  5.940150e+002  4.179710e+002  -0.000000e+000  
-1.278432e+004  -1.313304e+004  -1.394354e+004  -1.549198e+004  -1.830090e+004  8.355481e+003  5.373099e+003  3.669187e+003  1.977793e+003  9.450177e+002  5.317917e+002  3.852932e+002  -0.000000e+000  
-1.121431e+004  -1.147337e+004  -1.212840e+004  -1.362165e+004  -1.734465e+004  1.048111e+004  4.740933e+003  2.823712e+003  1.466951e+003  7.571379e+002  4.599233e+002  3.478527e+002  -0.000000e+000  
-9.338021e+003  -9.318828e+003  -9.202884e+003  -8.684414e+003  -6.615781e+003  -2.621589e+003  3.334419e+002  8.352551e+002  7.954283e+002  5.557484e+002  3.857741e+002  3.091103e+002  -0.000000e+000  
-7.473889e+003  -7.282848e+003  -6.815522e+003  -5.860253e+003  -4.036657e+003  -3.913946e+003  -1.674493e+003  -6.376890e+002  1.430917e+002  3.514977e+002  3.096058e+002  2.686683e+002  -0.000000e+000  
-5.860455e+003  -5.614775e+003  -5.087095e+003  -4.218220e+003  -2.975661e+003  -4.017352e+003  -2.515642e+003  -1.506133e+003  -3.813237e+002  1.622571e+002  2.350061e+002  2.278575e+002  -0.000000e+000  
-3.123047e+003  -2.984372e+003  -2.710557e+003  -2.312513e+003  -1.815612e+003  -3.065101e+003  -2.425280e+003  -1.865556e+003  -1.006820e+003  -2.155657e+002  5.477449e+001  1.206874e+002  -0.000000e+000  
-1.773781e+003  -1.707388e+003  -1.578528e+003  -1.395398e+003  -1.170800e+003  -2.154215e+003  -1.843348e+003  -1.541556e+003  -1.020157e+003  -3.658079e+002  -5.732992e+001  3.949253e+001  -0.000000e+000  
-1.445655e+003  -1.395818e+003  -1.299308e+003  -1.162449e+003  -9.945448e+002  -1.871002e+003  -1.631966e+003  -1.393012e+003  -9.667882e+002  -3.824184e+002  -8.181123e+001  1.799789e+001  -0.000000e+000  
-1.183693e+003  -1.146149e+003  -1.073461e+003  -9.703183e+002  -8.434062e+002  -1.614268e+003  -1.428992e+003  -1.239553e+003  -8.932716e+002  -3.820869e+002  -9.805666e+001  9.020042e-001  -0.000000e+000  
-9.714327e+002  -9.429424e+002  -8.877599e+002  -8.093173e+002  -7.124267e+002  -1.381976e+003  -1.237516e+003  -1.087254e+003  -8.073708e+002  -3.680913e+002  -1.068290e+002  -1.192068e+001  -0.000000e+000  
-8.142393e+002  -7.917663e+002  -7.482676e+002  -6.863483e+002  -6.095920e+002  -1.193483e+003  -1.077384e+003  -9.552981e+002  -7.249940e+002  -3.465734e+002  -1.090688e+002  -1.993779e+001  -0.000000e+000  
-6.804532e+002  -6.624539e+002  -6.278648e+002  -5.786546e+002  -5.173897e+002  -1.019770e+003  -9.263121e+002  -8.275110e+002  -6.394996e+002  -3.182453e+002  -1.066944e+002  -2.499552e+001  -0.000000e+000  
-5.653809e+002  -5.503475e+002  -5.225732e+002  -4.833464e+002  -4.340610e+002  -8.583830e+002  -7.831820e+002  -7.039919e+002  -5.525729e+002  -2.845731e+002  -1.003278e+002  -2.736828e+001  -0.000000e+000  
-4.659420e+002  -4.514054e+002  -4.290809e+002  -3.983724e+002  -3.586395e+002  -7.064151e+002  -6.463576e+002  -5.843594e+002  -4.653366e+002  -2.467862e+002  -9.057664e+001  -2.736403e+001  -0.000000e+000  
-3.817170e+002  -3.603720e+002  -3.441709e+002  -3.227121e+002  -2.926306e+002  -5.590872e+002  -5.136923e+002  -4.681022e+002  -3.785714e+002  -2.059077e+002  -7.802469e+001  -2.531536e+001  -0.000000e+000  
-2.264119e+002  -2.633242e+002  -2.645528e+002  -2.560208e+002  -2.479376e+002  -4.033150e+002  -3.832910e+002  -3.553100e+002  -2.928927e+002  -1.627843e+002  -6.322854e+001  -2.157223e+001  -0.000000e+000  
-2.249425e+002  -2.071392e+002  -2.027664e+002  -2.027885e+002  -2.147540e+002  -2.695341e+002  -2.735440e+002  -2.593624e+002  -2.178523e+002  -1.230276e+002  -4.858972e+001  -1.711107e+001  -0.000000e+000  
-1.457822e+002  -1.400468e+002  -1.378522e+002  -1.399175e+002  -1.493355e+002  -1.706863e+002  -1.758729e+002  -1.691056e+002  -1.442242e+002  -8.243749e+001  -3.294450e+001  -1.185200e+001  -0.000000e+000  
-7.204561e+001  -7.035831e+001  -6.971424e+001  -7.116188e+001  -7.566892e+001  -8.344100e+001  -8.612444e+001  -8.337000e+001  -7.177979e+001  -4.133859e+001  -1.663662e+001  -6.059549e+000  -0.000000e+000  
-0.000000e+000  -0.000000e+000  -0.000000e+000  -0.000000e+000  -0.000000e+000  -0.000000e+000  -0.000000e+000  -0.000000e+000  -0.000000e+000  -0.000000e+000  -0.000000e+000  -0.000000e+000  -0.000000e+000  

-0.000000e+000  -9.180884e+000  -1.695118e+001  -2.481615e+001  -3.537963e+001  -5.224661e+001  -8.434421e+001  -1.225372e+002  -1.600581e+002  -2.381193e+002  -2.391743e+002  -1.390148e+002  -0.000000e+000  
-0.000000e+000  -1.042761e+001  -1.692496e+001  -2.256965e+001  -3.005819e+001  -4.434045e+001  -8.087342e+001  -1.233510e+002  -1.636100e+002  -2.434776e+002  -2.427018e+002  -1.405233e+002  -0.000000e+000  
-0.000000e+000  -1.509852e+001  -1.768954e+001  -1.880653e+001  -1.897505e+001  -2.350459e+001  -7.401320e+001  -1.259316e+002  -1.714065e+002  -2.543812e+002  -2.497734e+002  -1.435314e+002  -0.000000e+000  
-0.000000e+000  -3.060726e+001  -1.978338e+001  -1.592300e+001  -4.192321e+000  2.734663e+001  -6.652844e+001  -1.328846e+002  -1.848094e+002  -2.711810e+002  -2.604186e+002  -1.480202e+002  -0.000000e+000  
-0.000000e+000  1.426445e+001  -5.960042e+000  -1.035623e+001  -3.731369e+000  2.211594e+001  -7.676239e+001  -1.501310e+002  -2.068299e+002  -2.957525e+002  -2.755387e+002  -1.543204e+002  -0.000000e+000  
-0.000000e+000  -5.918521e+000  -1.881194e+001  -2.674068e+001  -2.718305e+001  -2.023996e+001  -1.076232e+002  -1.818725e+002  -2.410387e+002  -3.304360e+002  -2.961053e+002  -1.627459e+002  -0.000000e+000  
-0.000000e+000  -1.852614e+001  -3.702828e+001  -5.121627e+001  -5.861585e+001  -5.870777e+001  -1.490820e+002  -2.260246e+002  -2.872577e+002  -3.746108e+002  -3.212689e+002  -1.728436e+002  -0.000000e+000  
-0.000000e+000  -3.113755e+001  -5.988131e+001  -8.299630e+001  -9.790758e+001  -1.031713e+002  -2.015397e+002  -2.832534e+002  -3.468304e+002  -4.291276e+002  -3.509984e+002  -1.844855e+002  -0.000000e+000  
-0.000000e+000  -4.630901e+001  -8.877009e+001  -1.235783e+002  -1.475501e+002  -1.584907e+002  -2.677040e+002  -3.556707e+002  -4.217167e+002  -4.949046e+002  -3.851876e+002  -1.974994e+002  -0.000000e+000  
-0.000000e+000  -6.560016e+001  -1.258562e+002  -1.757701e+002  -2.111552e+002  -2.290262e+002  -3.513978e+002  -4.465006e+002  -5.145940e+002  -5.728990e+002  -4.236217e+002  -2.116605e+002  -0.000000e+000  
-0.000000e+000  -9.216596e+001  -1.770066e+002  -2.477269e+002  -2.986301e+002  -3.256572e+002  -4.642244e+002  -5.671092e+002  -6.360041e+002  -6.696973e+002  -4.685674e+002  -2.276156e+002  -0.000000e+000  
-0.000000e+000  -1.301942e+002  -2.502497e+002  -3.507004e+002  -4.235202e+002  -4.629766e+002  -6.209443e+002  -7.309471e+002  -7.972798e+002  -7.897891e+002  -5.202975e+002  -2.451127e+002  -0.000000e+000  
-0.000000e+000  -1.819313e+002  -3.500038e+002  -4.910411e+002  -5.935297e+002  -6.490330e+002  -8.277747e+002  -9.412697e+002  -9.985656e+002  -9.279926e+002  -5.749784e+002  -2.625871e+002  -0.000000e+000  
-0.000000e+000  -3.135612e+002  -6.046052e+002  -8.505515e+002  -1.029783e+003  -1.124771e+003  -1.341269e+003  -1.445871e+003  -1.464613e+003  -1.218749e+003  -6.794268e+002  -2.937646e+002  -0.000000e+000  
-0.000000e+000  -7.339460e+002  -1.433598e+003  -2.052325e+003  -2.521851e+003  -2.756256e+003  -2.964101e+003  -2.869282e+003  -2.622979e+003  -1.739325e+003  -8.092387e+002  -3.211926e+002  -0.000000e+000  
-0.000000e+000  -1.255649e+003  -2.555699e+003  -3.902707e+003  -5.169018e+003  -5.930299e+003  -5.662582e+003  -4.673980e+003  -3.678612e+003  -1.975800e+003  -8.219371e+002  -3.116757e+002  -0.000000e+000  
-0.000000e+000  -1.472144e+003  -3.088148e+003  -4.998105e+003  -7.271094e+003  -9.320396e+003  -7.841308e+003  -5.671072e+003  -4.065945e+003  -2.015541e+003  -8.052477e+002  -2.996355e+002  -0.000000e+000  
-0.000000e+000  -1.489084e+003  -3.212717e+003  -5.587971e+003  -9.668954e+003  -1.754165e+004  -1.073635e+004  -6.145302e+003  -4.026076e+003  -1.939026e+003  -7.623493e+002  -2.802685e+002  -0.000000e+000  
-0.000000e+000  -1.174297e+003  -2.419082e+003  -3.785331e+003  -5.188833e+003  -0.000000e+000  -4.905981e+003  -4.187256e+003  -3.280266e+003  -1.735564e+003  -6.917141e+002  -2.529816e+002  -0.000000e+000  
-0.000000e+000  -7.430939e+002  -1.417991e+003  -1.875562e+003  -1.729270e+003  -0.000000e+000  -1.802942e+003  -2.408078e+003  -2.335432e+003  -1.439637e+003  -5.945037e+002  -2.176323e+002  -0.000000e+000  
-0.000000e+000  -4.138751e+002  -7.434854e+002  -8.767052e+002  -6.629248e+002  -0.000000e+000  -7.996725e+002  -1.373801e+003  -1.548188e+003  -1.109925e+003  -4.784148e+002  -1.759518e+002  -0.000000e+000  
-0.000000e+000  -2.115126e+002  -3.650066e+002  -4.016261e+002  -2.753282e+002  -0.000000e+000  -3.979588e+002  -7.785823e+002  -9.607124e+002  -7.791428e+002  -3.494079e+002  -1.292588e+002  -0.000000e+000  
-0.000000e+000  -9.661694e+001  -1.628268e+002  -1.724784e+002  -1.128538e+002  -0.000000e+000  -1.932396e+002  -4.019348e+002  -5.208206e+002  -4.598760e+002  -2.124294e+002  -7.898098e+001  -0.000000e+000  
-0.000000e+000  -2.758593e+001  -4.598537e+001  -4.790325e+001  -3.076232e+001  -0.000000e+000  -5.842558e+001  -1.244657e+002  -1.647109e+002  -1.518291e+002  -7.124325e+001  -2.656363e+001  -0.000000e+000  
-0.000000e+000  2.758593e+001  4.598537e+001  4.790325e+001  3.076232e+001  -0.000000e+000  5.842558e+001  1.244657e+002  1.647109e+002  1.518291e+002  7.124325e+001  2.656363e+001  -0.000000e+000  
-0.000000e+000  9.661694e+001  1.628268e+002  1.724784e+002  1.128538e+002  -0.000000e+000  1.932396e+002  4.019348e+002  5.208206e+002  4.598760e+002  2.124294e+002  7.898098e+001  -0.000000e+000  
-0.000000e+000  2.115126e+002  3.650066e+002  4.016261e+002  2.753282e+002  -0.000000e+000  3.979588e+002  7.785823e+002  9.607124e+002  7.791428e+002  3.494079e+002  1.292588e+002  -0.000000e+000  
-0.000000e+000  4.138751e+002  7.434854e+002  8.767052e+002  6.629248e+002  -0.000000e+000  7.996725e+002  1.373801e+003  1.548188e+003  1.109925e+003  4.784148e+002  1.759518e+002  -0.000000e+000  
-0.000000e+000  7.430939e+002  1.417991e+003  1.875562e+003  1.729270e+003  -0.000000e+000  1.802942e+003  2.408078e+003  2.335432e+003  1.439637e+003  5.945037e+002  2.176323e+002  -0.000000e+000  
-0.000000e+000  1.174297e+003  2.419082e+003  3.785331e+003  5.188833e+003  -0.000000e+000  4.905981e+003  4.187256e+003  3.280266e+003  1.735564e+003  6.917141e+002  2.529816e+002  -0.000000e+000  
-0.000000e+000  1.489084e+003  3.212717e+003  5.587971e+003  9.668954e+003  1.754165e+004  1.073635e+004  6.145302e+003  4.026076e+003  1.939026e+003  7.623493e+002  2.802685e+002  -0.000000e+000  
-0.000000e+000  1.472144e+003  3.088148e+003  4.998105e+003  7.271094e+003  9.320396e+003  7.841308e+003  5.671072e+003  4.065945e+003  2.015541e+003  8.052477e+002  2.996355e+002  -0.000000e+000  
-0.000000e+000  1.255649e+003  2.555699e+003  3.902707e+003  5.169018e+003  5.930299e+003  5.662582e+003  4.673980e+003  3.678612e+003  1.975800e+003  8.219371e+002  3.116757e+002  -0.000000e+000  
-0.000000e+000  7.339460e+002  1.433598e+003  2.052325e+003  2.521851e+003  2.756256e+003  2.964101e+003  2.869282e+003  2.622979e+003  1.739325e+003  8.092387e+002  3.211926e+002  -0.000000e+000  
-0.000000e+000  3.135612e+002  6.046052e+002  8.505515e+002  1.029783e+003  1.124771e+003  1.341269e+003  1.445871e+003  1.464613e+003  1.218749e+003  6.794268e+002  2.937646e+002  -0.000000e+000  
-0.000000e+000  1.819313e+002  3.500038e+002  4.910411e+002  5.935297e+002  6.490330e+002  8.277747e+002  9.412697e+002  9.985656e+002  9.279926e+002  5.749784e+002  2.625871e+002  -0.000000e+000  
-0.000000e+000  1.301942e+002  2.502497e+002  3.507004e+002  4.235202e+002  4.629766e+002  6.209443e+002  7.309471e+002  7.972798e+002  7.897891e+002  5.202975e+002  2.451127e+002  -0.000000e+000  
-0.000000e+000  9.216596e+001  1.770066e+002  2.477269e+002  2.986301e+002  3.256572e+002  4.642244e+002  5.671092e+002  6.360041e+002  6.696973e+002  4.685674e+002  2.276156e+002  -0.000000e+000  
-0.000000e+000  6.560016e+001  1.258562e+002  1.757701e+002  2.111552e+002  2.290262e+002  3.513978e+002  4.465006e+002  5.145940e+002  5.728990e+002  4.236217e+002  2.116605e+002  -0.000000e+000  
-0.000000e+000  4.630901e+001  8.877009e+001  1.235783e+002  1.475501e+002  1.584907e+002  2.677040e+002  3.556707e+002  4.217167e+002  4.949046e+002  3.851876e+002  1.974994e+002  -0.000000e+000  
-0.000000e+000  3.113755e+001  5.988131e+001  8.299630e+001  9.790758e+001  1.031713e+002  2.015397e+002  2.832534e+002  3.468304e+002  4.291276e+002  3.509984e+002  1.844855e+002  -0.000000e+000  
-0.000000e+000  1.852614e+001  3.702828e+001  5.121627e+001  5.861585e+001  5.870777e+001  1.490820e+002  2.260246e+002  2.872577e+002  3.746108e+002  3.212689e+002  1.728436e+002  -0.000000e+000  
-0.000000e+000  5.918521e+000  1.881194e+001  2.674068e+001  2.718305e+001  2.023996e+001  1.076232e+002  1.818725e+002  2.410387e+002  3.304360e+002  2.961053e+002  1.627459e+002  -0.000000e+000  
-0.000000e+000  -1.426445e+001  5.960042e+000  1.035623e+001  3.731369e+000  -2.211594e+001  7.676239e+001  1.501310e+002  2.068299e+002  2.957525e+002  2.755387e+002  1.543204e+002  -0.000000e+000  
-0.000000e+000  3.060726e+001  1.978338e+001  1.592300e+001  4.192321e+000  -2.734663e+001  6.652844e+001  1.328846e+002  1.848094e+002  2.711810e+002  2.604186e+002  1.480202e+002  -0.000000e+000  
-0.000000e+000  1.509852e+001  1.768954e+001  1.880653e+001  1.897505e+001  2.350459e+001  7.401320e+001  1.259316e+002  1.714065e+002  2.543812e+002  2.497734e+002  1.435314e+002  -0.000000e+000  
-0.000000e+000  1.042761e+001  1.692496e+001  2.256965e+001  3.005819e+001  4.434045e+001  8.087342e+001  1.233510e+002  1.636100e+002  2.434776e+002  2.427018e+002  1.405233e+002  -0.000000e+000  
-0.000000e+000  9.180884e+000  1.695118e+001  2.481615e+001  3.537963e+001  5.224661e+001  8.434421e+001  1.225372e+002  1.600581e+002  2.381193e+002  2.391743e+002  1.390148e+002  -0.000000e+000  
-0.000000e+000  -0.000000e+000  -0.000000e+000  -0.000000e+000  -0.000000e+000  -0.000000e+000  -0.000000e+000  -0.000000e+000  -0.000000e+000  -0.000000e+000  -0.000000e+000  -0.000000e+000  -0.000000e+000  

0.000000e+000  0.000000e+000  0.000000e+000  0.000000e+000  0.000000e+000  0.000000e+000  0.000000e+000  0.000000e+000  0.000000e+000  0.000000e+000  0.000000e+000  0.000000e+000  0.000000e+000  
0.000000e+000  0.000000e+000  0.000000e+000  0.000000e+000  0.000000e+000  0.000000e+000  0.000000e+000  0.000000e+000  0.000000e+000  0.000000e+000  0.000000e+000  0.000000e+000  0.000000e+000  
0.000000e+000  0.000000e+000  0.000000e+000  0.000000e+000  0.000000e+000  0.000000e+000  0.000000e+000  0.000000e+000  0.000000e+000  0.000000e+000  0.000000e+000  0.000000e+000  0.000000e+000  
0.000000e+000  0.000000e+000  0.000000e+000  0.000000e+000  0.000000e+000  0.000000e+000  0.000000e+000  0.000000e+000  0.000000e+000  0.000000e+000  0.000000e+000  0.000000e+000  0.000000e+000  
0.000000e+000  0.000000e+000  0.000000e+000  0.000000e+000  0.000000e+000  0.000000e+000  0.000000e+000  0.000000e+000  0.000000e+000  0.000000e+000  0.000000e+000  0.000000e+000  0.000000e+000  
0.000000e+000  0.000000e+000  0.000000e+000  0.000000e+000  0.000000e+000  0.000000e+000  0.000000e+000  0.000000e+000  0.000000e+000  0.000000e+000  0.000000e+000  0.000000e+000  0.000000e+000  
0.000000e+000  0.000000e+000  0.000000e+000  0.000000e+000  0.000000e+000  0.000000e+000  0.000000e+000  0.000000e+000  0.000000e+000  0.000000e+000  0.000000e+000  0.000000e+000  0.000000e+000  
0.000000e+000  0.000000e+000  0.000000e+000  0.000000e+000  0.000000e+000  0.000000e+000  0.000000e+000  0.000000e+000  0.000000e+000  0.000000e+000  0.000000e+000  0.000000e+000  0.000000e+000  
0.000000e+000  0.000000e+000  0.000000e+000  0.000000e+000  0.000000e+000  0.000000e+000  0.000000e+000  0.000000e+000  0.000000e+000  0.000000e+000  0.000000e+000  0.000000e+000  0.000000e+000  
0.000000e+000  0.000000e+000  0.000000e+000  0.000000e+000  0.000000e+000  0.000000e+000  0.000000e+000  0.000000e+000  0.000000e+000  0.000000e+000  0.000000e+000  0.000000e+000  0.000000e+000  
0.000000e+000  0.000000e+000  0.000000e+000  0.000000e+000  0.000000e+000  0.000000e+000  0.000000e+000  0.000000e+000  0.000000e+000  0.000000e+000  0.000000e+000  0.000000e+000  0.000000e+000  
0.000000e+000  0.000000e+000  0.000000e+000  0.000000e+000  0.000000e+000  0.000000e+000  0.000000e+000  0.000000e+000  0.000000e+000  0.000000e+000  0.000000e+000  0.000000e+000  0.000000e+000  
0.000000e+000  0.000000e+000  0.000000e+000  0.000000e+000  0.000000e+000  0.000000e+000  0.000000e+000  0.000000e+000  0.000000e+000  0.000000e+000  0.000000e+000  0.000000e+000  0.000000e+000  
0.000000e+000  0.000000e+000  0.000000e+000  0.000000e+000  0.000000e+000  0.000000e+000  0.000000e+000  0.000000e+000  0.000000e+000  0.000000e+000  0.000000e+000  0.000000e+000  0.000000e+000  
0.000000e+000  0.000000e+000  0.000000e+000  0.000000e+000  0.000000e+000  0.000000e+000  0.000000e+000  0.000000e+000  0.000000e+000  0.000000e+000  0.000000e+000  0.000000e+000  0.000000e+000  
0.000000e+000  0.000000e+000  0.000000e+000  0.000000e+000  0.000000e+000  0.000000e+000  0.000000e+000  0.000000e+000  0.000000e+000  0.000000e+000  0.000000e+000  0.000000e+000  0.000000e+000  
0.000000e+000  0.000000e+000  0.000000e+000  0.000000e+000  0.000000e+000  0.000000e+000  0.000000e+000  0.000000e+000  0.000000e+000  0.000000e+000  0.000000e+000  0.000000e+000  0.000000e+000  
0.000000e+000  0.000000e+000  0.000000e+000  0.000000e+000  0.000000e+000  0.000000e+000  0.000000e+000  0.000000e+000  0.000000e+000  0.000000e+000  0.000000e+000  0.000000e+000  0.000000e+000  
0.000000e+000  0.000000e+000  0.000000e+000  0.000000e+000  0.000000e+000  0.000000e+000  0.000000e+000  0.000000e+000  0.000000e+000  0.000000e+000  0.000000e+000  0.000000e+000  0.000000e+000  
0.000000e+000  0.000000e+000  0.000000e+000  0.000000e+000  0.000000e+000  0.000000e+000  0.000000e+000  0.000000e+000  0.000000e+000  0.000000e+000  0.000000e+000  0.000000e+000  0.000000e+000  
0.000000e+000  0.000000e+000  0.000000e+000  0.000000e+000  0.000000e+000  0.000000e+000  0.000000e+000  0.000000e+000  0.000000e+000  0.000000e+000  0.000000e+000  0.000000e+000  0.000000e+000  
0.000000e+000  0.000000e+000  0.000000e+000  0.000000e+000  0.000000e+000  0.000000e+000  0.000000e+000  0.000000e+000  0.000000e+000  0.000000e+000  0.000000e+000  0.000000e+000  0.000000e+000  
0.000000e+000  0.000000e+000  0.000000e+000  0.000000e+000  0.000000e+000  0.000000e+000  0.000000e+000  0.000000e+000  0.000000e+000  0.000000e+000  0.000000e+000  0.000000e+000  0.000000e+000  
0.000000e+000  0.000000e+000  0.000000e+000  0.000000e+000  0.000000e+000  0.000000e+000  0.000000e+000  0.000000e+000  0.000000e+000  0.000000e+000  0.000000e+000  0.000000e+000  0.000000e+000  
0.000000e+000  0.000000e+000  0.000000e+000  0.000000e+000  0.000000e+000  0.000000e+000  0.000000e+000  0.000000e+000  0.000000e+000  0.000000e+000  0.000000e+000  0.000000e+000  0.000000e+000  
0.000000e+000  0.000000e+000  0.000000e+000  0.000000e+000  0.000000e+000  0.000000e+000  0.000000e+000  0.000000e+000  0.000000e+000  0.000000e+000  0.000000e+000  0.000000e+000  0.000000e+000  
0.000000e+000  0.000000e+000  0.000000e+000  0.000000e+000  0.000000e+000  0.000000e+000  0.000000e+000  0.000000e+000  0.000000e+000  0.000000e+000  0.000000e+000  0.000000e+000  0.000000e+000  
0.000000e+000  0.000000e+000  0.000000e+000  0.000000e+000  0.000000e+000  0.000000e+000  0.000000e+000  0.000000e+000  0.000000e+000  0.000000e+000  0.000000e+000  0.000000e+000  0.000000e+000  
0.000000e+000  0.000000e+000  0.000000e+000  0.000000e+000  0.000000e+000  0.000000e+000  0.000000e+000  0.000000e+000  0.000000e+000  0.000000e+000  0.000000e+000  0.000000e+000  0.000000e+000  
0.000000e+000  0.000000e+000  0.000000e+000  0.000000e+000  0.000000e+000  0.000000e+000  0.000000e+000  0.000000e+000  0.000000e+000  0.000000e+000  0.000000e+000  0.000000e+000  0.000000e+000  
0.000000e+000  0.000000e+000  0.000000e+000  0.000000e+000  0.000000e+000  0.000000e+000  0.000000e+000  0.000000e+000  0.000000e+000  0.000000e+000  0.000000e+000  0.000000e+000  0.000000e+000  
0.000000e+000  0.000000e+000  0.000000e+000  0.000000e+000  0.000000e+000  0.000000e+000  0.000000e+000  0.000000e+000  0.000000e+000  0.000000e+000  0.000000e+000  0.000000e+000  0.000000e+000  
0.000000e+000  0.000000e+000  0.000000e+000  0.000000e+000  0.000000e+000  0.000000e+000  0.000000e+000  0.000000e+000  0.000000e+000  0.000000e+000  0.000000e+000  0.000000e+000  0.000000e+000  
0.000000e+000  0.000000e+000  0.000000e+000  0.000000e+000  0.000000e+000  0.000000e+000  0.000000e+000  0.000000e+000  0.000000e+000  0.000000e+000  0.000000e+000  0.000000e+000  0.000000e+000  
0.000000e+000  0.000000e+000  0.000000e+000  0.000000e+000  0.000000e+000  0.000000e+000  0.000000e+000  0.000000e+000  0.000000e+000  0.000000e+000  0.000000e+000  0.000000e+000  0.000000e+000  
0.000000e+000  0.000000e+000  0.000000e+000  0.000000e+000  0.000000e+000  0.000000e+000  0.000000e+000  0.000000e+000  0.000000e+000  0.000000e+000  0.000000e+000  0.000000e+000  0.000000e+000  
0.000000e+000  0.000000e+000  0.000000e+000  0.000000e+000  0.000000e+000  0.000000e+000  0.000000e+000  0.000000e+000  0.000000e+000  0.000000e+000  0.000000e+000  0.000000e+000  0.000000e+000  
0.000000e+000  0.000000e+000  0.000000e+000  0.000000e+000  0.000000e+000  0.000000e+000  0.000000e+000  0.000000e+000  0.000000e+000  0.000000e+000  0.000000e+000  0.000000e+000  0.000000e+000  
0.000000e+000  0.000000e+000  0.000000e+000  0.000000e+000  0.000000e+000  0.000000e+000  0.000000e+000  0.000000e+000  0.000000e+000  0.000000e+000  0.000000e+000  0.000000e+000  0.000000e+000  
0.000000e+000  0.000000e+000  0.000000e+000  0.000000e+000  0.000000e+000  0.000000e+000  0.000000e+000  0.000000e+000  0.000000e+000  0.000000e+000  0.000000e+000  0.000000e+000  0.000000e+000  
0.000000e+000  0.000000e+000  0.000000e+000  0.000000e+000  0.000000e+000  0.000000e+000  0.000000e+000  0.000000e+000  0.000000e+000  0.000000e+000  0.000000e+000  0.000000e+000  0.000000e+000  
0.000000e+000  0.000000e+000  0.000000e+000  0.000000e+000  0.000000e+000  0.000000e+000  0.000000e+000  0.000000e+000  0.000000e+000  0.000000e+000  0.000000e+000  0.000000e+000  0.000000e+000  
0.000000e+000  0.000000e+000  0.000000e+000  0.000000e+000  0.000000e+000  0.000000e+000  0.000000e+000  0.000000e+000  0.000000e+000  0.000000e+000  0.000000e+000  0.000000e+000  0.000000e+000  
0.000000e+000  0.000000e+000  0.000000e+000  0.000000e+000  0.000000e+000  0.000000e+000  0.000000e+000  0.000000e+000  0.000000e+000  0.000000e+000  0.000000e+000  0.000000e+000  0.000000e+000  
0.000000e+000  0.000000e+000  0.000000e+000  0.000000e+000  0.000000e+000  0.000000e+000  0.000000e+000  0.000000e+000  0.000000e+000  0.000000e+000  0.000000e+000  0.000000e+000  0.000000e+000  
0.000000e+000  0.000000e+000  0.000000e+000  0.000000e+000  0.000000e+000  0.000000e+000  0.000000e+000  0.000000e+000  0.000000e+000  0.000000e+000  0.000000e+000  0.000000e+000  0.000000e+000  
0.000000e+000  0.000000e+000  0.000000e+000  0.000000e+000  0.000000e+000  0.000000e+000  0.000000e+000  0.000000e+000  0.000000e+000  0.000000e+000  0.000000e+000  0.000000e+000  0.000000e+000  
0.000000e+000  0.000000e+000  0.000000e+000  0.000000e+000  0.000000e+000  0.000000e+000  0.000000e+000  0.000000e+000  0.000000e+000  0.000000e+000  0.000000e+000  0.000000e+000  0.000000e+000  
0.000000e+000  0.000000e+000  0.000000e+000  0.000000e+000  0.000000e+000  0.000000e+000  0.000000e+000  0.000000e+000  0.000000e+000  0.000000e+000  0.000000e+000  0.000000e+000  0.000000e+000  

0.000000e+000  0.000000e+000  0.000000e+000  0.000000e+000  0.000000e+000  0.000000e+000  0.000000e+000  0.000000e+000  0.000000e+000  0.000000e+000  0.000000e+000  0.000000e+000  0.000000e+000  
0.000000e+000  0.000000e+000  0.000000e+000  0.000000e+000  0.000000e+000  0.000000e+000  0.000000e+000  0.000000e+000  0.000000e+000  0.000000e+000  0.000000e+000  0.000000e+000  0.000000e+000  
0.000000e+000  0.000000e+000  0.000000e+000  0.000000e+000  0.000000e+000  0.000000e+000  0.000000e+000  0.000000e+000  0.000000e+000  0.000000e+000  0.000000e+000  0.000000e+000  0.000000e+000  
0.000000e+000  0.000000e+000  0.000000e+000  0.000000e+000  0.000000e+000  0.000000e+000  0.000000e+000  0.000000e+000  0.000000e+000  0.000000e+000  0.000000e+000  0.000000e+000  0.000000e+000  
0.000000e+000  0.000000e+000  0.000000e+000  0.000000e+000  0.000000e+000  0.000000e+000  0.000000e+000  0.000000e+000  0.000000e+000  0.000000e+000  0.000000e+000  0.000000e+000  0.000000e+000  
0.000000e+000  0.000000e+000  0.000000e+000  0.000000e+000  0.000000e+000  0.000000e+000  0.000000e+000  0.000000e+000  0.000000e+000  0.000000e+000  0.000000e+000  0.000000e+000  0.000000e+000  
0.000000e+000  0.000000e+000  0.000000e+000  0.000000e+000  0.000000e+000  0.000000e+000  0.000000e+000  0.000000e+000  0.000000e+000  0.000000e+000  0.000000e+000  0.000000e+000  0.000000e+000  
0.000000e+000  0.000000e+000  0.000000e+000  0.000000e+000  0.000000e+000  0.000000e+000  0.000000e+000  0.000000e+000  0.000000e+000  0.000000e+000  0.000000e+000  0.000000e+000  0.000000e+000  
0.000000e+000  0.000000e+000  0.000000e+000  0.000000e+000  0.000000e+000  0.000000e+000  0.000000e+000  0.000000e+000  0.000000e+000  0.000000e+000  0.000000e+000  0.000000e+000  0.000000e+000  
0.000000e+000  0.000000e+000  0.000000e+000  0.000000e+000  0.000000e+000  0.000000e+000  0.000000e+000  0.000000e+000  0.000000e+000  0.000000e+000  0.000000e+000  0.000000e+000  0.000000e+000  
0.000000e+000  0.000000e+000  0.000000e+000  0.000000e+000  0.000000e+000  0.000000e+000  0.000000e+000  0.000000e+000  0.000000e+000  0.000000e+000  0.000000e+000  0.000000e+000  0.000000e+000  
0.000000e+000  0.000000e+000  0.000000e+000  0.000000e+000  0.000000e+000  0.000000e+000  0.000000e+000  0.000000e+000  0.000000e+000  0.000000e+000  0.000000e+000  0.000000e+000  0.000000e+000  
0.000000e+000  0.000000e+000  0.000000e+000  0.000000e+000  0.000000e+000  0.000000e+000  0.000000e+000  0.000000e+000  0.000000e+000  0.000000e+000  0.000000e+000  0.000000e+000  0.000000e+000  
0.000000e+000  0.000000e+000  0.000000e+000  0.000000e+000  0.000000e+000  0.000000e+000  0.000000e+000  0.000000e+000  0.000000e+000  0.000000e+000  0.000000e+000  0.000000e+000  0.000000e+000  
0.000000e+000  0.000000e+000  0.000000e+000  0.000000e+000  0.000000e+000  0.000000e+000  0.000000e+000  0.000000e+000  0.000000e+000  0.000000e+000  0.000000e+000  0.000000e+000  0.000000e+000  
0.000000e+000  0.000000e+000  0.000000e+000  0.000000e+000  0.000000e+000  0.000000e+000  0.000000e+000  0.000000e+000  0.000000e+000  0.000000e+000  0.000000e+000  0.000000e+000  0.000000e+000  
0.000000e+000  0.000000e+000  0.000000e+000  0.000000e+000  0.000000e+000  0.000000e+000  0.000000e+000  0.000000e+000  0.000000e+000  0.000000e+000  0.000000e+000  0.000000e+000  0.000000e+000  
0.000000e+000  0.000000e+000  0.000000e+000  0.000000e+000  0.000000e+000  0.000000e+000  0.000000e+000  0.000000e+000  0.000000e+000  0.000000e+000  0.000000e+000  0.000000e+000  0.000000e+000  
0.000000e+000  0.000000e+000  0.000000e+000  0.000000e+000  0.000000e+000  0.000000e+000  0.000000e+000  0.000000e+000  0.000000e+000  0.000000e+000  0.000000e+000  0.000000e+000  0.000000e+000  
0.000000e+000  0.000000e+000  0.000000e+000  0.000000e+000  0.000000e+000  0.000000e+000  0.000000e+000  0.000000e+000  0.000000e+000  0.000000e+000  0.000000e+000  0.000000e+000  0.000000e+000  
0.000000e+000  0.000000e+000  0.000000e+000  0.000000e+000  0.000000e+000  0.000000e+000  0.000000e+000  0.000000e+000  0.000000e+000  0.000000e+000  0.000000e+000  0.000000e+000  0.000000e+000  
0.000000e+000  0.000000e+000  0.000000e+000  0.000000e+000  0.000000e+000  0.000000e+000  0.000000e+000  0.000000e+000  0.000000e+000  0.000000e+000  0.000000e+000  0.000000e+000  0.000000e+000  
0.000000e+000  0.000000e+000  0.000000e+000  0.000000e+000  0.000000e+000  0.000000e+000  0.000000e+000  0.000000e+000  0.000000e+000  0.000000e+000  0.000000e+000  0.000000e+000  0.000000e+000  
0.000000e+000  0.000000e+000  0.000000e+000  0.000000e+000  0.000000e+000  0.000000e+000  0.000000e+000  0.000000e+000  0.000000e+000  0.000000e+000  0.000000e+000  0.000000e+000  0.000000e+000  
0.000000e+000  0.000000e+000  0.000000e+000  0.000000e+000  0.000000e+000  0.000000e+000  0.000000e+000  0.000000e+000  0.000000e+000  0.000000e+000  0.000000e+000  0.000000e+000  0.000000e+000  
0.000000e+000  0.000000e+000  0.000000e+000  0.000000e+000  0.000000e+000  0.000000e+000  0.000000e+000  0.000000e+000  0.000000e+000  0.000000e+000  0.000000e+000  0.000000e+000  0.000000e+000  
0.000000e+000  0.000000e+000  0.000000e+000  0.000000e+000  0.000000e+000  0.000000e+000  0.000000e+000  0.000000e+000  0.000000e+000  0.000000e+000  0.000000e+000  0.000000e+000  0.000000e+000  
0.000000e+000  0.000000e+000  0.000000e+000  0.000000e+000  0.000000e+000  0.000000e+000  0.000000e+000  0.000000e+000  0.000000e+000  0.000000e+000  0.000000e+000  0.000000e+000  0.000000e+000  
0.000000e+000  0.000000e+000  0.000000e+000  0.000000e+000  0.000000e+000  0.000000e+000  0.000000e+000  0.000000e+000  0.000000e+000  0.000000e+000  0.000000e+000  0.000000e+000  0.000000e+000  
0.000000e+000  0.000000e+000  0.000000e+000  0.000000e+000  0.000000e+000  0.000000e+000  0.000000e+000  0.000000e+000  0.000000e+000  0.000000e+000  0.000000e+000  0.000000e+000  0.000000e+000  
0.000000e+000  0.000000e+000  0.000000e+000  0.000000e+000  0.000000e+000  0.000000e+000  0.000000e+000  0.000000e+000  0.000000e+000  0.000000e+000  0.000000e+000  0.000000e+000  0.000000e+000  
0.000000e+000  0.000000e+000  0.000000e+000  0.000000e+000  0.000000e+000  0.000000e+000  0.000000e+000  0.000000e+000  0.000000e+000  0.000000e+000  0.000000e+000  0.000000e+000  0.000000e+000  
0.000000e+000  0.000000e+000  0.000000e+000  0.000000e+000  0.000000e+000  0.000000e+000  0.000000e+000  0.000000e+000  0.000000e+000  0.000000e+000  0.000000e+000  0.000000e+000  0.000000e+000  
0.000000e+000  0.000000e+000  0.000000e+000  0.000000e+000  0.000000e+000  0.000000e+000  0.000000e+000  0.000000e+000  0.000000e+000  0.000000e+000  0.000000e+000  0.000000e+000  0.000000e+000  
0.000000e+000  0.000000e+000  0.000000e+000  0.000000e+000  0.000000e+000  0.000000e+000  0.000000e+000  0.000000e+000  0.000000e+000  0.000000e+000  0.000000e+000  0.000000e+000  0.000000e+000  
0.000000e+000  0.000000e+000  0.000000e+000  0.000000e+000  0.000000e+000  0.000000e+000  0.000000e+000  0.000000e+000  0.000000e+000  0.000000e+000  0.000000e+000  0.000000e+000  0.000000e+000  
0.000000e+000  0.000000e+000  0.000000e+000  0.000000e+000  0.000000e+000  0.000000e+000  0.000000e+000  0.000000e+000  0.000000e+000  0.000000e+000  0.000000e+000  0.000000e+000  0.000000e+000  
0.000000e+000  0.000000e+000  0.000000e+000  0.000000e+000  0.000000e+000  0.000000e+000  0.000000e+000  0.000000e+000  0.000000e+000  0.000000e+000  0.000000e+000  0.000000e+000  0.000000e+000  
0.000000e+000  0.000000e+000  0.000000e+000  0.000000e+000  0.000000e+000  0.000000e+000  0.000000e+000  0.000000e+000  0.000000e+000  0.000000e+000  0.000000e+000  0.000000e+000  0.000000e+000  
0.000000e+000  0.000000e+000  0.000000e+000  0.000000e+000  0.000000e+000  0.000000e+000  0.000000e+000  0.000000e+000  0.000000e+000  0.000000e+000  0.000000e+000  0.000000e+000  0.000000e+000  
0.000000e+000  0.000000e+000  0.000000e+000  0.000000e+000  0.000000e+000  0.000000e+000  0.000000e+000  0.000000e+000  0.000000e+000  0.000000e+000  0.000000e+000  0.000000e+000  0.000000e+000  
0.000000e+000  0.000000e+000  0.000000e+000  0.000000e+000  0.000000e+000  0.000000e+000  0.000000e+000  0.000000e+000  0.000000e+000  0.000000e+000  0.000000e+000  0.000000e+000  0.000000e+000  
0.000000e+000  0.000000e+000  0.000000e+000  0.000000e+000  0.000000e+000  0.000000e+000  0.000000e+000  0.000000e+000  0.000000e+000  0.000000e+000  0.000000e+000  0.000000e+000  0.000000e+000  
0.000000e+000  0.000000e+000  0.000000e+000  0.000000e+000  0.000000e+000  0.000000e+000  0.000000e+000  0.000000e+000  0.000000e+000  0.000000e+000  0.000000e+000  0.000000e+000  0.000000e+000  
0.000000e+000  0.000000e+000  0.000000e+000  0.000000e+000  0.000000e+000  0.000000e+000  0.000000e+000  0.000000e+000  0.000000e+000  0.000000e+000  0.000000e+000  0.000000e+000  0.000000e+000  
0.000000e+000  0.000000e+000  0.000000e+000  0.000000e+000  0.000000e+000  0.000000e+000  0.000000e+000  0.000000e+000  0.000000e+000  0.000000e+000  0.000000e+000  0.000000e+000  0.000000e+000  
0.000000e+000  0.000000e+000  0.000000e+000  0.000000e+000  0.000000e+000  0.000000e+000  0.000000e+000  0.000000e+000  0.000000e+000  0.000000e+000  0.000000e+000  0.000000e+000  0.000000e+000  
0.000000e+000  0.000000e+000  0.000000e+000  0.000000e+000  0.000000e+000  0.000000e+000  0.000000e+000  0.000000e+000  0.000000e+000  0.000000e+000  0.000000e+000  0.000000e+000  0.000000e+000  
0.000000e+000  0.000000e+000  0.000000e+000  0.000000e+000  0.000000e+000  0.000000e+000  0.000000e+000  0.000000e+000  0.000000e+000  0.000000e+000  0.000000e+000  0.000000e+000  0.000000e+000  

0.000000e+000  0.000000e+000  0.000000e+000  0.000000e+000  0.000000e+000  0.000000e+000  0.000000e+000  0.000000e+000  0.000000e+000  0.000000e+000  0.000000e+000  0.000000e+000  0.000000e+000  
0.000000e+000  0.000000e+000  0.000000e+000  0.000000e+000  0.000000e+000  0.000000e+000  0.000000e+000  0.000000e+000  0.000000e+000  0.000000e+000  0.000000e+000  0.000000e+000  0.000000e+000  
0.000000e+000  0.000000e+000  0.000000e+000  0.000000e+000  0.000000e+000  0.000000e+000  0.000000e+000  0.000000e+000  0.000000e+000  0.000000e+000  0.000000e+000  0.000000e+000  0.000000e+000  
0.000000e+000  0.000000e+000  0.000000e+000  0.000000e+000  0.000000e+000  0.000000e+000  0.000000e+000  0.000000e+000  0.000000e+000  0.000000e+000  0.000000e+000  0.000000e+000  0.000000e+000  
0.000000e+000  0.000000e+000  0.000000e+000  0.000000e+000  0.000000e+000  0.000000e+000  0.000000e+000  0.000000e+000  0.000000e+000  0.000000e+000  0.000000e+000  0.000000e+000  0.000000e+000  
0.000000e+000  0.000000e+000  0.000000e+000  0.000000e+000  0.000000e+000  0.000000e+000  0.000000e+000  0.000000e+000  0.000000e+000  0.000000e+000  0.000000e+000  0.000000e+000  0.000000e+000  
0.000000e+000  0.000000e+000  0.000000e+000  0.000000e+000  0.000000e+000  0.000000e+000  0.000000e+000  0.000000e+000  0.000000e+000  0.000000e+000  0.000000e+000  0.000000e+000  0.000000e+000  
0.000000e+000  0.000000e+000  0.000000e+000  0.000000e+000  0.000000e+000  0.000000e+000  0.000000e+000  0.000000e+000  0.000000e+000  0.000000e+000  0.000000e+000  0.000000e+000  0.000000e+000  
0.000000e+000  0.000000e+000  0.000000e+000  0.000000e+000  0.000000e+000  0.000000e+000  0.000000e+000  0.000000e+000  0.000000e+000  0.000000e+000  0.000000e+000  0.000000e+000  0.000000e+000  
0.000000e+000  0.000000e+000  0.000000e+000  0.000000e+000  0.000000e+000  0.000000e+000  0.000000e+000  0.000000e+000  0.000000e+000  0.000000e+000  0.000000e+000  0.000000e+000  0.000000e+000  
0.000000e+000  0.000000e+000  0.000000e+000  0.000000e+000  0.000000e+000  0.000000e+000  0.000000e+000  0.000000e+000  0.000000e+000  0.000000e+000  0.000000e+000  0.000000e+000  0.000000e+000  
0.000000e+000  0.000000e+000  0.000000e+000  0.000000e+000  0.000000e+000  0.000000e+000  0.000000e+000  0.000000e+000  0.000000e+000  0.000000e+000  0.000000e+000  0.000000e+000  0.000000e+000  
0.000000e+000  0.000000e+000  0.000000e+000  0.000000e+000  0.000000e+000  0.000000e+000  0.000000e+000  0.000000e+000  0.000000e+000  0.000000e+000  0.000000e+000  0.000000e+000  0.000000e+000  
0.000000e+000  0.000000e+000  0.000000e+000  0.000000e+000  0.000000e+000  0.000000e+000  0.000000e+000  0.000000e+000  0.000000e+000  0.000000e+000  0.000000e+000  0.000000e+000  0.000000e+000  
0.000000e+000  0.000000e+000  0.000000e+000  0.000000e+000  0.000000e+000  0.000000e+000  0.000000e+000  0.000000e+000  0.000000e+000  0.000000e+000  0.000000e+000  0.000000e+000  0.000000e+000  
0.000000e+000  0.000000e+000  0.000000e+000  0.000000e+000  0.000000e+000  0.000000e+000  0.000000e+000  0.000000e+000  0.000000e+000  0.000000e+000  0.000000e+000  0.000000e+000  0.000000e+000  
0.000000e+000  0.000000e+000  0.000000e+000  0.000000e+000  0.000000e+000  0.000000e+000  0.000000e+000  0.000000e+000  0.000000e+000  0.000000e+000  0.000000e+000  0.000000e+000  0.000000e+000  
0.000000e+000  0.000000e+000  0.000000e+000  0.000000e+000  0.000000e+000  0.000000e+000  0.000000e+000  0.000000e+000  0.000000e+000  0.000000e+000  0.000000e+000  0.000000e+000  0.000000e+000  
0.000000e+000  0.000000e+000  0.000000e+000  0.000000e+000  0.000000e+000  0.000000e+000  0.000000e+000  0.000000e+000  0.000000e+000  0.000000e+000  0.000000e+000  0.000000e+000  0.000000e+000  
0.000000e+000  0.000000e+000  0.000000e+000  0.000000e+000  0.000000e+000  0.000000e+000  0.000000e+000  0.000000e+000  0.000000e+000  0.000000e+000  0.000000e+000  0.000000e+000  0.000000e+000  
0.000000e+000  0.000000e+000  0.000000e+000  0.000000e+000  0.000000e+000  0.000000e+000  0.000000e+000  0.000000e+000  0.000000e+000  0.000000e+000  0.000000e+000  0.000000e+000  0.000000e+000  
0.000000e+000  0.000000e+000  0.000000e+000  0.000000e+000  0.000000e+000  0.000000e+000  0.000000e+000  0.000000e+000  0.000000e+000  0.000000e+000  0.000000e+000  0.000000e+000  0.000000e+000  
0.000000e+000  0.000000e+000  0.000000e+000  0.000000e+000  0.000000e+000  0.000000e+000  0.000000e+000  0.000000e+000  0.000000e+000  0.000000e+000  0.000000e+000  0.000000e+000  0.000000e+000  
0.000000e+000  0.000000e+000  0.000000e+000  0.000000e+000  0.000000e+000  0.000000e+000  0.000000e+000  0.000000e+000  0.000000e+000  0.000000e+000  0.000000e+000  0.000000e+000  0.000000e+000  
0.000000e+000  0.000000e+000  0.000000e+000  0.000000e+000  0.000000e+000  0.000000e+000  0.000000e+000  0.000000e+000  0.000000e+000  0.000000e+000  0.000000e+000  0.000000e+000  0.000000e+000  
0.000000e+000  0.000000e+000  0.000000e+000  0.000000e+000  0.000000e+000  0.000000e+000  0.000000e+000  0.000000e+000  0.000000e+000  0.000000e+000  0.000000e+000  0.000000e+000  0.000000e+000  
0.000000e+000  0.000000e+000  0.000000e+000  0.000000e+000  0.000000e+000  0.000000e+000  0.000000e+000  0.000000e+000  0.000000e+000  0.000000e+000  0.000000e+000  0.000000e+000  0.000000e+000  
0.000000e+000  0.000000e+000  0.000000e+000  0.000000e+000  0.000000e+000  0.000000e+000  0.000000e+000  0.000000e+000  0.000000e+000  0.000000e+000  0.000000e+000  0.000000e+000  0.000000e+000  
0.000000e+000  0.000000e+000  0.000000e+000  0.000000e+000  0.000000e+000  0.000000e+000  0.000000e+000  0.000000e+000  0.000000e+000  0.000000e+000  0.000000e+000  0.000000e+000  0.000000e+000  
0.000000e+000  0.000000e+000  0.000000e+000  0.000000e+000  0.000000e+000  0.000000e+000  0.000000e+000  0.000000e+000  0.000000e+000  0.000000e+000  0.000000e+000  0.000000e+000  0.000000e+000  
0.000000e+000  0.000000e+000  0.000000e+000  0.000000e+000  0.000000e+000  0.000000e+000  0.000000e+000  0.000000e+000  0.000000e+000  0.000000e+000  0.000000e+000  0.000000e+000  0.000000e+000  
0.000000e+000  0.000000e+000  0.000000e+000  0.000000e+000  0.000000e+000  0.000000e+000  0.000000e+000  0.000000e+000  0.000000e+000  0.000000e+000  0.000000e+000  0.000000e+000  0.000000e+000  
0.000000e+000  0.000000e+000  0.000000e+000  0.000000e+000  0.000000e+000  0.000000e+000  0.000000e+000  0.000000e+000  0.000000e+000  0.000000e+000  0.000000e+000  0.000000e+000  0.000000e+000  
0.000000e+000  0.000000e+000  0.000000e+000  0.000000e+000  0.000000e+000  0.000000e+000  0.000000e+000  0.000000e+000  0.000000e+000  0.000000e+000  0.000000e+000  0.000000e+000  0.000000e+000  
0.000000e+000  0.000000e+000  0.000000e+000  0.000000e+000  0.000000e+000  0.000000e+000  0.000000e+000  0.000000e+000  0.000000e+000  0.000000e+000  0.000000e+000  0.000000e+000  0.000000e+000  
0.000000e+000  0.000000e+000  0.000000e+000  0.000000e+000  0.000000e+000  0.000000e+000  0.000000e+000  0.000000e+000  0.000000e+000  0.000000e+000  0.000000e+000  0.000000e+000  0.000000e+000  
0.000000e+000  0.000000e+000  0.000000e+000  0.000000e+000  0.000000e+000  0.000000e+000  0.000000e+000  0.000000e+000  0.000000e+000  0.000000e+000  0.000000e+000  0.000000e+000  0.000000e+000  
0.000000e+000  0.000000e+000  0.000000e+000  0.000000e+000  0.000000e+000  0.000000e+000  0.000000e+000  0.000000e+000  0.000000e+000  0.000000e+000  0.000000e+000  0.000000e+000  0.000000e+000  
0.000000e+000  0.000000e+000  0.000000e+000  0.000000e+000  0.000000e+000  0.000000e+000  0.000000e+000  0.000000e+000  0.000000e+000  0.000000e+000  0.000000e+000  0.000000e+000  0.000000e+000  
0.000000e+000  0.000000e+000  0.000000e+000  0.000000e+000  0.000000e+000  0.000000e+000  0.000000e+000  0.000000e+000  0.000000e+000  0.000000e+000  0.000000e+000  0.000000e+000  0.000000e+000  
0.000000e+000  0.000000e+000  0.000000e+000  0.000000e+000  0.000000e+000  0.000000e+000  0.000000e+000  0.000000e+000  0.000000e+000  0.000000e+000  0.000000e+000  0.000000e+000  0.000000e+000  
0.000000e+000  0.000000e+000  0.000000e+000  0.000000e+000  0.000000e+000  0.000000e+000  0.000000e+000  0.000000e+000  0.000000e+000  0.000000e+000  0.000000e+000  0.000000e+000  0.000000e+000  
0.000000e+000  0.000000e+000  0.000000e+000  0.000000e+000  0.000000e+000  0.000000e+000  0.000000e+000  0.000000e+000  0.000000e+000  0.000000e+000  0.000000e+000  0.000000e+000  0.000000e+000  
0.000000e+000  0.000000e+000  0.000000e+000  0.000000e+000  0.000000e+000  0.000000e+000  0.000000e+000  0.000000e+000  0.000000e+000  0.000000e+000  0.000000e+000  0.000000e+000  0.000000e+000  
0.000000e+000  0.000000e+000  0.000000e+000  0.000000e+000  0.000000e+000  0.000000e+000  0.000000e+000  0.000000e+000  0.000000e+000  0.000000e+000  0.000000e+000  0.000000e+000  0.000000e+000  
0.000000e+000  0.000000e+000  0.000000e+000  0.000000e+000  0.000000e+000  0.000000e+000  0.000000e+000  0.000000e+000  0.000000e+000  0.000000e+000  0.000000e+000  0.000000e+000  0.000000e+000  
0.000000e+000  0.000000e+000  0.000000e+000  0.000000e+000  0.000000e+000  0.000000e+000  0.000000e+000  0.000000e+000  0.000000e+000  0.000000e+000  0.000000e+000  0.000000e+000  0.000000e+000  
0.000000e+000  0.000000e+000  0.000000e+000  0.000000e+000  0.000000e+000  0.000000e+000  0.000000e+000  0.000000e+000  0.000000e+000  0.000000e+000  0.000000e+000  0.000000e+000  0.000000e+000  
0.000000e+000  0.000000e+000  0.000000e+000  0.000000e+000  0.000000e+000  0.000000e+000  0.000000e+000  0.000000e+000  0.000000e+000  0.000000e+000  0.000000e+000  0.000000e+000  0.000000e+000  

-0.000000e+000  -0.000000e+000  -0.000000e+000  -0.000000e+000  -0.000000e+000  -0.000000e+000  -0.000000e+000  -0.000000e+000  -0.000000e+000  -0.000000e+000  -0.000000e+000  -0.000000e+000  -0.000000e+000  
-0.000000e+000  -3.887572e+000  -7.577775e+000  -1.094685e+001  -1.378129e+001  -1.575160e+001  -1.658955e+001  -1.633164e+001  -1.550010e+001  -1.196762e+001  -6.563805e+000  -2.833984e+000  -0.000000e+000  
-0.000000e+000  -7.958098e+000  -1.545732e+001  -2.239063e+001  -2.835301e+001  -3.255201e+001  -3.390691e+001  -3.306928e+001  -3.119685e+001  -2.395097e+001  -1.310366e+001  -5.652934e+000  -0.000000e+000  
-0.000000e+000  -1.245045e+001  -2.387555e+001  -3.474512e+001  -4.453845e+001  -5.187148e+001  -5.268278e+001  -5.055108e+001  -4.724052e+001  -3.595652e+001  -1.959423e+001  -8.441603e+000  -0.000000e+000  
-0.000000e+000  -1.786793e+001  -3.285100e+001  -4.814155e+001  -6.299165e+001  -7.661040e+001  -7.343985e+001  -6.892278e+001  -6.369115e+001  -4.797404e+001  -2.600756e+001  -1.118433e+001  -0.000000e+000  
-0.000000e+000  -2.219770e+001  -4.354307e+001  -6.458066e+001  -8.529971e+001  -1.058180e+002  -9.799120e+001  -9.031899e+001  -8.256712e+001  -6.143075e+001  -3.307133e+001  -1.418663e+001  -0.000000e+000  
-0.000000e+000  -2.742565e+001  -5.451684e+001  -8.128789e+001  -1.077232e+002  -1.338469e+002  -1.228261e+002  -1.121483e+002  -1.017404e+002  -7.479248e+001  -3.994783e+001  -1.708697e+001  -0.000000e+000  
-0.000000e+000  -3.298359e+001  -6.577255e+001  -9.826180e+001  -1.303555e+002  -1.619441e+002  -1.479008e+002  -1.342302e+002  -1.210628e+002  -8.796190e+001  -4.657973e+001  -1.986057e+001  -0.000000e+000  
-0.000000e+000  -3.871314e+001  -7.727449e+001  -1.155470e+002  -1.533795e+002  -1.905792e+002  -1.732959e+002  -1.564751e+002  -1.403946e+002  -1.008178e+002  -5.290287e+001  -2.248183e+001  -0.000000e+000  
-0.000000e+000  -4.456091e+001  -8.899714e+001  -1.331708e+002  -1.769061e+002  -2.199639e+002  -1.990462e+002  -1.787911e+002  -1.595815e+002  -1.132134e+002  -5.884668e+001  -2.492466e+001  -0.000000e+000  
-0.000000e+000  -5.049047e+001  -1.008979e+002  -1.511103e+002  -2.009555e+002  -2.501735e+002  -2.251028e+002  -2.010342e+002  -1.784264e+002  -1.249732e+002  -6.433490e+001  -2.716299e+001  -0.000000e+000  
-0.000000e+000  -5.719239e+001  -1.143864e+002  -1.715390e+002  -2.285195e+002  -2.850717e+002  -2.545790e+002  -2.256812e+002  -1.988889e+002  -1.371873e+002  -6.986519e+001  -2.940515e+001  -0.000000e+000  
-0.000000e+000  -6.380532e+001  -1.277581e+002  -1.919436e+002  -2.563242e+002  -3.206844e+002  -2.838200e+002  -2.494435e+002  -2.180672e+002  -1.479876e+002  -7.460006e+001  -3.132335e+001  -0.000000e+000  
-0.000000e+000  -7.011921e+001  -1.406167e+002  -2.117892e+002  -2.837678e+002  -3.564332e+002  -3.121048e+002  -2.715705e+002  -2.352545e+002  -1.569736e+002  -7.842400e+001  -3.288883e+001  -0.000000e+000  
-0.000000e+000  -8.419746e+001  -1.699726e+002  -2.587904e+002  -3.518328e+002  -4.497289e+002  -3.788281e+002  -3.182509e+002  -2.673245e+002  -1.700234e+002  -8.369208e+001  -3.525793e+001  -0.000000e+000  
-0.000000e+000  -8.112336e+001  -1.661628e+002  -2.594852e+002  -3.660737e+002  -4.907477e+002  -3.847726e+002  -3.067169e+002  -2.487040e+002  -1.564821e+002  -7.998260e+001  -3.474538e+001  -0.000000e+000  
-0.000000e+000  -6.973678e+001  -1.430777e+002  -2.250157e+002  -3.239057e+002  -4.534646e+002  -3.397100e+002  -2.688876e+002  -2.204067e+002  -1.446542e+002  -7.688466e+001  -3.405015e+001  -0.000000e+000  
-0.000000e+000  -5.330089e+001  -1.079833e+002  -1.669529e+002  -2.391801e+002  -3.569338e+002  -2.544511e+002  -2.106191e+002  -1.823122e+002  -1.301546e+002  -7.311094e+001  -3.315306e+001  -0.000000e+000  
-0.000000e+000  -3.488915e+001  -6.684468e+001  -9.045248e+001  -9.164579e+001  -0.000000e+000  -1.131887e+002  -1.382714e+002  -1.402662e+002  -1.145409e+002  -6.898036e+001  -3.213483e+001  -0.000000e+000  
-0.000000e+000  -1.982432e+001  -3.585107e+001  -4.305320e+001  -3.400648e+001  -0.000000e+000  -5.136131e+001  -8.734906e+001  -1.032067e+002  -9.885328e+001  -6.462259e+001  -3.102627e+001  -0.000000e+000  
-0.000000e+000  -1.047456e+001  -1.815505e+001  -2.017729e+001  -1.409120e+001  -0.000000e+000  -2.912768e+001  -5.864104e+001  -7.673287e+001  -8.534302e+001  -6.060542e+001  -2.997341e+001  -0.000000e+000  
-0.000000e+000  -5.336565e+000  -8.993404e+000  -9.540955e+000  -6.269479e+000  -0.000000e+000  -1.952804e+001  -4.258921e+001  -5.928417e+001  -7.470598e+001  -5.721657e+001  -2.906118e+001  -0.000000e+000  
-0.000000e+000  -2.732195e+000  -4.523146e+000  -4.669412e+000  -2.975259e+000  -0.000000e+000  -1.486648e+001  -3.364861e+001  -4.854666e+001  -6.715137e+001  -5.466375e+001  -2.835881e+001  -0.000000e+000  
-0.000000e+000  -1.547986e+000  -2.534834e+000  -2.575848e+000  -1.615236e+000  -0.000000e+000  -1.264194e+001  -2.909061e+001  -4.276837e+001  -6.266483e+001  -5.308231e+001  -2.791694e+001  -0.000000e+000  
-0.000000e+000  -1.210566e+000  -1.973964e+000  -1.994106e+000  -1.243395e+000  -0.000000e+000  -1.197524e+001  -2.768834e+001  -4.094865e+001  -6.117966e+001  -5.254720e+001  -2.776623e+001  -0.000000e+000  
-0.000000e+000  -1.547986e+000  -2.534834e+000  -2.575848e+000  -1.615236e+000  -0.000000e+000  -1.264194e+001  -2.909061e+001  -4.276837e+001  -6.266483e+001  -5.308231e+001  -2.791694e+001  -0.000000e+000  
-0.000000e+000  -2.732195e+000  -4.523146e+000  -4.669412e+000  -2.975259e+000  -0.000000e+000  -1.486648e+001  -3.364861e+001  -4.854666e+001  -6.715137e+001  -5.466375e+001  -2.835881e+001  -0.000000e+000  
-0.000000e+000  -5.336565e+000  -8.993404e+000  -9.540955e+000  -6.269479e+000  -0.000000e+000  -1.952804e+001  -4.258921e+001  -5.928417e+001  -7.470598e+001  -5.721657e+001  -2.906118e+001  -0.000000e+000  
-0.000000e+000  -1.047456e+001  -1.815505e+001  -2.017729e+001  -1.409120e+001  -0.000000e+000  -2.912768e+001  -5.864104e+001  -7.673287e+001  -8.534302e+001  -6.060542e+001  -2.997341e+001  -0.000000e+000  
-0.000000e+000  -1.982432e+001  -3.585107e+001  -4.305320e+001  -3.400648e+001  -0.000000e+000  -5.136131e+001  -8.734906e+001  -1.032067e+002  -9.885328e+001  -6.462259e+001  -3.102627e+001  -0.000000e+000  
-0.000000e+000  -3.488915e+001  -6.684468e+001  -9.045248e+001  -9.164579e+001  -0.000000e+000  -1.131887e+002  -1.382714e+002  -1.402662e+002  -1.145409e+002  -6.898036e+001  -3.213483e+001  -0.000000e+000  
-0.000000e+000  -5.330089e+001  -1.079833e+002  -1.669529e+002  -2.391801e+002  -3.569338e+002  -2.544511e+002  -2.106191e+002  -1.823122e+002  -1.301546e+002  -7.311094e+001  -3.315306e+001  -0.000000e+000  
-0.000000e+000  -6.973678e+001  -1.430777e+002  -2.250157e+002  -3.239057e+002  -4.534646e+002  -3.397100e+002  -2.688876e+002  -2.204067e+002  -1.446542e+002  -7.688466e+001  -3.405015e+001  -0.000000e+000  
-0.000000e+000  -8.112336e+001  -1.661628e+002  -2.594852e+002  -3.660737e+002  -4.907477e+002  -3.847726e+002  -3.067169e+002  -2.487040e+002  -1.564821e+002  -7.998260e+001  -3.474538e+001  -0.000000e+000  
-0.000000e+000  -8.419746e+001  -1.699726e+002  -2.587904e+002  -3.518328e+002  -4.497289e+002  -3.788281e+002  -3.182509e+002  -2.673245e+002  -1.700234e+002  -8.369208e+001  -3.525793e+001  -0.000000e+000  
-0.000000e+000  -7.011921e+001  -1.406167e+002  -2.117892e+002  -2.837678e+002  -3.564332e+002  -3.121048e+002  -2.715705e+002  -2.352545e+002  -1.569736e+002  -7.842400e+001  -3.288883e+001  -0.000000e+000  
-0.000000e+000  -6.380532e+001  -1.277581e+002  -1.919436e+002  -2.563242e+002  -3.206844e+002  -2.838200e+002  -2.494435e+002  -2.180672e+002  -1.479876e+002  -7.460006e+001  -3.132335e+001  -0.000000e+000  
-0.000000e+000  -5.719239e+001  -1.143864e+002  -1.715390e+002  -2.285195e+002  -2.850717e+002  -2.545790e+002  -2.256812e+002  -1.988889e+002  -1.371873e+002  -6.986519e+001  -2.940515e+001  -0.000000e+000  
-0.000000e+000  -5.049047e+001  -1.008979e+002  -1.511103e+002  -2.009555e+002  -2.501735e+002  -2.251028e+002  -2.010342e+002  -1.784264e+002  -1.249732e+002  -6.433490e+001  -2.716299e+001  -0.000000e+000  
-0.000000e+000  -4.456091e+001  -8.899714e+001  -1.331708e+002  -1.769061e+002  -2.199639e+002  -1.990462e+002  -1.787911e+002  -1.595815e+002  -1.132134e+002  -5.884668e+001  -2.492466e+001  -0.000000e+000  
-0.000000e+000  -3.871314e+001  -7.727449e+001  -1.155470e+002  -1.533795e+002  -1.905792e+002  -1.732959e+002  -1.564751e+002  -1.403946e+002  -1.008178e+002  -5.290287e+001  -2.248183e+001  -0.000000e+000  
-0.000000e+000  -3.298359e+001  -6.577255e+001  -9.826180e+001  -1.303555e+002  -1.619441e+002  -1.479008e+002  -1.342302e+002  -1.210628e+002  -8.796190e+001  -4.657973e+001  -1.986057e+001  -0.000000e+000  
-0.000000e+000  -2.742565e+001  -5.451684e+001  -8.128789e+001  -1.077232e+002  -1.338469e+002  -1.228261e+002  -1.121483e+002  -1.017404e+002  -7.479248e+001  -3.994783e+001  -1.708697e+001  -0.000000e+000  
-0.000000e+000  -2.219770e+001  -4.354307e+001  -6.458066e+001  -8.529971e+001  -1.058180e+002  -9.799120e+001  -9.031899e+001  -8.256712e+001  -6.143075e+001  -3.307133e+001  -1.418663e+001  -0.000000e+000  
-0.000000e+000  -1.786793e+001  -3.285100e+001  -4.814155e+001  -6.299165e+001  -7.661040e+001  -7.343985e+001  -6.892278e+001  -6.369115e+001  -4.797404e+001  -2.600756e+001  -1.118433e+001  -0.000000e+000  
-0.000000e+000  -1.245045e+001  -2.387555e+001  -3.474512e+001  -4.453845e+001  -5.187148e+001  -5.268278e+001  -5.055108e+001  -4.724052e+001  -3.595652e+001  -1.959423e+001  -8.441603e+000  -0.000000e+000  
-0.000000e+000  -7.958098e+000  -1.545732e+001  -2.239063e+001  -2.835301e+001  -3.255201e+001  -3.390691e+001  -3.306928e+001  -3.119685e+001  -2.395097e+001  -1.310366e+001  -5.652934e+000  -0.000000e+000  
-0.000000e+000  -3.887572e+000  -7.577775e+000  -1.094685e+001  -1.378129e+001  -1.575160e+001  -1.658955e+001  -1.633164e+001  -1.550010e+001  -1.196762e+001  -6.563805e+000  -2.833984e+000  -0.000000e+000  
-0.000000e+000  -0.000000e+000  -0.000000e+000  -0.000000e+000  -0.000000e+000  -0.000000e+000  -0.000000e+000  -0.000000e+000  -0.000000e+000  -0.000000e+000  -0.000000e+000  -0.000000e+000  -0.000000e+000  

