Port monitor named: Port1_h1.prt

nx        = 57
ny        = 69
nz        = 24

nu        = 13
nv        = 49
iu        = 8
iv        = 5

idir      = 1
dcut      = 0.000000e+000
icut      = 5
type      = 1
frequency = 3.000000e+010

fcutoff   = 0.000000e+000
alpha     = 0.000000e+000
beta      = 8.732451e+002
accuracy  = 3.210002e-014

type          = QTEM
wave imp.     = 2.770558e+002
wave imp.sig. = 5.787989e-012
line imp.     = 4.977099e+001

ref. port     = 0

-0.000000e+000  2.077782e-001  4.015258e-001  5.812548e-001  7.470125e-001  8.973468e-001  1.053168e+000  1.182431e+000  1.283552e+000  1.413287e+000  1.175406e+000  6.392849e-001  -0.000000e+000  
-0.000000e+000  2.205598e-001  4.149306e-001  5.952062e-001  7.627587e-001  9.151244e-001  1.072935e+000  1.203595e+000  1.305444e+000  1.433744e+000  1.187339e+000  6.441735e-001  -0.000000e+000  
-0.000000e+000  2.566522e-001  4.418499e-001  6.220784e-001  7.940984e-001  9.510155e-001  1.112899e+000  1.246404e+000  1.349708e+000  1.474934e+000  1.211205e+000  6.539083e-001  -0.000000e+000  
-0.000000e+000  3.552176e-001  4.745000e-001  6.580648e-001  8.410616e-001  1.006016e+000  1.173945e+000  1.311851e+000  1.417327e+000  1.537404e+000  1.246993e+000  6.684017e-001  -0.000000e+000  
-0.000000e+000  1.201282e-001  4.484813e-001  6.939392e-001  9.036297e-001  1.083565e+000  1.262351e+000  1.406972e+000  1.515464e+000  1.627111e+000  1.297575e+000  6.886789e-001  -0.000000e+000  
-0.000000e+000  2.303634e-001  5.070981e-001  7.650371e-001  9.946917e-001  1.192698e+000  1.387432e+000  1.541266e+000  1.653439e+000  1.751185e+000  1.365925e+000  7.156732e-001  -0.000000e+000  
-0.000000e+000  2.900059e-001  5.855009e-001  8.659071e-001  1.118901e+000  1.337232e+000  1.549843e+000  1.714113e+000  1.829775e+000  1.906369e+000  1.448935e+000  7.478436e-001  -0.000000e+000  
-0.000000e+000  3.433444e-001  6.795733e-001  9.954824e-001  1.279377e+000  1.522611e+000  1.756009e+000  1.931594e+000  2.049774e+000  2.094844e+000  1.546220e+000  7.846854e-001  -0.000000e+000  
-0.000000e+000  4.039914e-001  7.948785e-001  1.158600e+000  1.482438e+000  1.756454e+000  2.014100e+000  2.201405e+000  2.320067e+000  2.318976e+000  1.657130e+000  8.255447e-001  -0.000000e+000  
-0.000000e+000  4.783727e-001  9.387056e-001  1.363604e+000  1.737781e+000  2.049396e+000  2.334864e+000  2.533348e+000  2.648826e+000  2.581145e+000  1.780647e+000  8.695934e-001  -0.000000e+000  
-0.000000e+000  5.775589e-001  1.131115e+000  1.638069e+000  2.078883e+000  2.438735e+000  2.757207e+000  2.965162e+000  3.070687e+000  2.902252e+000  1.923629e+000  9.186767e-001  -0.000000e+000  
-0.000000e+000  7.145961e-001  1.396989e+000  2.016832e+000  2.547841e+000  2.970326e+000  3.326624e+000  3.537780e+000  3.619680e+000  3.294821e+000  2.086116e+000  9.716876e-001  -0.000000e+000  
-0.000000e+000  8.947200e-001  1.746538e+000  2.514382e+000  3.161788e+000  3.661067e+000  4.055201e+000  4.255132e+000  4.291103e+000  3.739949e+000  2.255383e+000  1.023594e+000  -0.000000e+000  
-0.000000e+000  1.338551e+000  2.609644e+000  3.745187e+000  4.679110e+000  5.356508e+000  5.810033e+000  5.935726e+000  5.815343e+000  4.662273e+000  2.573091e+000  1.113715e+000  -0.000000e+000  
-0.000000e+000  2.665893e+000  5.235683e+000  7.575098e+000  9.481727e+000  1.069316e+001  1.100453e+001  1.042829e+001  9.428371e+000  6.236570e+000  2.935226e+000  1.177459e+000  -0.000000e+000  
-0.000000e+000  4.225077e+000  8.602775e+000  1.316473e+001  1.755997e+001  2.053981e+001  1.927684e+001  1.588890e+001  1.255757e+001  6.864324e+000  2.920234e+000  1.124355e+000  -0.000000e+000  
-0.000000e+000  4.844060e+000  1.013962e+001  1.636594e+001  2.379954e+001  3.093565e+001  2.588277e+001  1.883960e+001  1.363791e+001  6.916041e+000  2.834731e+000  1.072806e+000  -0.000000e+000  
-0.000000e+000  4.836408e+000  1.038440e+001  1.788638e+001  3.041106e+001  5.571428e+001  3.456862e+001  2.008837e+001  1.335073e+001  6.594437e+000  2.663921e+000  9.971094e-001  -0.000000e+000  
-0.000000e+000  3.820359e+000  7.871401e+000  1.235412e+001  1.718242e+001  -0.000000e+000  1.599822e+001  1.371687e+001  1.084137e+001  5.868489e+000  2.402890e+000  8.952004e-001  -0.000000e+000  
-0.000000e+000  2.423709e+000  4.629895e+000  6.141830e+000  5.702502e+000  -0.000000e+000  5.895802e+000  7.908027e+000  7.715668e+000  4.851066e+000  2.056019e+000  7.667627e-001  -0.000000e+000  
-0.000000e+000  1.352260e+000  2.431505e+000  2.872827e+000  2.179765e+000  -0.000000e+000  2.623852e+000  4.522514e+000  5.118233e+000  3.732589e+000  1.649267e+000  6.178534e-001  -0.000000e+000  
-0.000000e+000  6.918015e-001  1.194654e+000  1.316102e+000  9.037649e-001  -0.000000e+000  1.309674e+000  2.568359e+000  3.179110e+000  2.617235e+000  1.201906e+000  4.528032e-001  -0.000000e+000  
-0.000000e+000  3.161922e-001  5.331236e-001  5.651501e-001  3.701131e-001  -0.000000e+000  6.372645e-001  1.327829e+000  1.724899e+000  1.543849e+000  7.297293e-001  2.762470e-001  -0.000000e+000  
-0.000000e+000  9.030216e-002  1.505867e-001  1.569522e-001  1.008497e-001  -0.000000e+000  1.928742e-001  4.114946e-001  5.457637e-001  5.095726e-001  2.445725e-001  9.283924e-002  -0.000000e+000  
-0.000000e+000  -9.030216e-002  -1.505867e-001  -1.569522e-001  -1.008497e-001  -0.000000e+000  -1.928742e-001  -4.114946e-001  -5.457637e-001  -5.095726e-001  -2.445725e-001  -9.283924e-002  -0.000000e+000  
-0.000000e+000  -3.161922e-001  -5.331236e-001  -5.651501e-001  -3.701131e-001  -0.000000e+000  -6.372645e-001  -1.327829e+000  -1.724899e+000  -1.543849e+000  -7.297293e-001  -2.762470e-001  -0.000000e+000  
-0.000000e+000  -6.918015e-001  -1.194654e+000  -1.316102e+000  -9.037649e-001  -0.000000e+000  -1.309674e+000  -2.568359e+000  -3.179110e+000  -2.617235e+000  -1.201906e+000  -4.528032e-001  -0.000000e+000  
-0.000000e+000  -1.352260e+000  -2.431505e+000  -2.872827e+000  -2.179765e+000  -0.000000e+000  -2.623852e+000  -4.522514e+000  -5.118233e+000  -3.732589e+000  -1.649267e+000  -6.178534e-001  -0.000000e+000  
-0.000000e+000  -2.423709e+000  -4.629895e+000  -6.141830e+000  -5.702502e+000  -0.000000e+000  -5.895802e+000  -7.908027e+000  -7.715668e+000  -4.851066e+000  -2.056019e+000  -7.667627e-001  -0.000000e+000  
-0.000000e+000  -3.820359e+000  -7.871401e+000  -1.235412e+001  -1.718242e+001  -0.000000e+000  -1.599822e+001  -1.371687e+001  -1.084137e+001  -5.868489e+000  -2.402890e+000  -8.952004e-001  -0.000000e+000  
-0.000000e+000  -4.836408e+000  -1.038440e+001  -1.788638e+001  -3.041106e+001  -5.571428e+001  -3.456862e+001  -2.008837e+001  -1.335073e+001  -6.594437e+000  -2.663921e+000  -9.971094e-001  -0.000000e+000  
-0.000000e+000  -4.844060e+000  -1.013962e+001  -1.636594e+001  -2.379954e+001  -3.093565e+001  -2.588277e+001  -1.883960e+001  -1.363791e+001  -6.916041e+000  -2.834731e+000  -1.072806e+000  -0.000000e+000  
-0.000000e+000  -4.225077e+000  -8.602775e+000  -1.316473e+001  -1.755997e+001  -2.053981e+001  -1.927684e+001  -1.588890e+001  -1.255757e+001  -6.864324e+000  -2.920234e+000  -1.124355e+000  -0.000000e+000  
-0.000000e+000  -2.665893e+000  -5.235683e+000  -7.575098e+000  -9.481727e+000  -1.069316e+001  -1.100453e+001  -1.042829e+001  -9.428371e+000  -6.236570e+000  -2.935226e+000  -1.177459e+000  -0.000000e+000  
-0.000000e+000  -1.338551e+000  -2.609644e+000  -3.745187e+000  -4.679110e+000  -5.356508e+000  -5.810033e+000  -5.935726e+000  -5.815343e+000  -4.662273e+000  -2.573091e+000  -1.113715e+000  -0.000000e+000  
-0.000000e+000  -8.947200e-001  -1.746538e+000  -2.514382e+000  -3.161788e+000  -3.661067e+000  -4.055201e+000  -4.255132e+000  -4.291103e+000  -3.739949e+000  -2.255383e+000  -1.023594e+000  -0.000000e+000  
-0.000000e+000  -7.145961e-001  -1.396989e+000  -2.016832e+000  -2.547841e+000  -2.970326e+000  -3.326624e+000  -3.537780e+000  -3.619680e+000  -3.294821e+000  -2.086116e+000  -9.716876e-001  -0.000000e+000  
-0.000000e+000  -5.775589e-001  -1.131115e+000  -1.638069e+000  -2.078883e+000  -2.438735e+000  -2.757207e+000  -2.965162e+000  -3.070687e+000  -2.902252e+000  -1.923629e+000  -9.186767e-001  -0.000000e+000  
-0.000000e+000  -4.783727e-001  -9.387056e-001  -1.363604e+000  -1.737781e+000  -2.049396e+000  -2.334864e+000  -2.533348e+000  -2.648826e+000  -2.581145e+000  -1.780647e+000  -8.695934e-001  -0.000000e+000  
-0.000000e+000  -4.039914e-001  -7.948785e-001  -1.158600e+000  -1.482438e+000  -1.756454e+000  -2.014100e+000  -2.201405e+000  -2.320067e+000  -2.318976e+000  -1.657130e+000  -8.255447e-001  -0.000000e+000  
-0.000000e+000  -3.433444e-001  -6.795733e-001  -9.954824e-001  -1.279377e+000  -1.522611e+000  -1.756009e+000  -1.931594e+000  -2.049774e+000  -2.094844e+000  -1.546220e+000  -7.846854e-001  -0.000000e+000  
-0.000000e+000  -2.900059e-001  -5.855009e-001  -8.659071e-001  -1.118901e+000  -1.337232e+000  -1.549843e+000  -1.714113e+000  -1.829775e+000  -1.906369e+000  -1.448935e+000  -7.478436e-001  -0.000000e+000  
-0.000000e+000  -2.303634e-001  -5.070981e-001  -7.650371e-001  -9.946917e-001  -1.192698e+000  -1.387432e+000  -1.541266e+000  -1.653439e+000  -1.751185e+000  -1.365925e+000  -7.156732e-001  -0.000000e+000  
-0.000000e+000  -1.201282e-001  -4.484813e-001  -6.939392e-001  -9.036297e-001  -1.083565e+000  -1.262351e+000  -1.406972e+000  -1.515464e+000  -1.627111e+000  -1.297575e+000  -6.886789e-001  -0.000000e+000  
-0.000000e+000  -3.552176e-001  -4.745000e-001  -6.580648e-001  -8.410616e-001  -1.006016e+000  -1.173945e+000  -1.311851e+000  -1.417327e+000  -1.537404e+000  -1.246993e+000  -6.684017e-001  -0.000000e+000  
-0.000000e+000  -2.566522e-001  -4.418499e-001  -6.220784e-001  -7.940984e-001  -9.510155e-001  -1.112899e+000  -1.246404e+000  -1.349708e+000  -1.474934e+000  -1.211205e+000  -6.539083e-001  -0.000000e+000  
-0.000000e+000  -2.205598e-001  -4.149306e-001  -5.952062e-001  -7.627587e-001  -9.151244e-001  -1.072935e+000  -1.203595e+000  -1.305444e+000  -1.433744e+000  -1.187339e+000  -6.441735e-001  -0.000000e+000  
-0.000000e+000  -2.077782e-001  -4.015258e-001  -5.812548e-001  -7.470125e-001  -8.973468e-001  -1.053168e+000  -1.182431e+000  -1.283552e+000  -1.413287e+000  -1.175406e+000  -6.392849e-001  -0.000000e+000  
-0.000000e+000  -0.000000e+000  -0.000000e+000  -0.000000e+000  -0.000000e+000  -0.000000e+000  -0.000000e+000  -0.000000e+000  -0.000000e+000  -0.000000e+000  -0.000000e+000  -0.000000e+000  -0.000000e+000  

-0.000000e+000  -0.000000e+000  -0.000000e+000  -0.000000e+000  -0.000000e+000  -0.000000e+000  -0.000000e+000  -0.000000e+000  -0.000000e+000  -0.000000e+000  -0.000000e+000  -0.000000e+000  -0.000000e+000  
-4.271405e-001  -4.127190e-001  -3.970008e-001  -3.801226e-001  -3.608314e-001  -3.370053e-001  -3.084594e-001  -2.781837e-001  -2.197822e-001  -1.125798e-001  -3.384871e-002  -1.456455e-003  -0.000000e+000  
-8.681171e-001  -8.279060e-001  -7.963002e-001  -7.635695e-001  -7.250175e-001  -6.767761e-001  -6.189907e-001  -5.577452e-001  -4.397181e-001  -2.239835e-001  -6.655114e-002  -2.039025e-003  -0.000000e+000  
-1.346617e+000  -1.238377e+000  -1.199174e+000  -1.154534e+000  -1.096415e+000  -1.022120e+000  -9.336726e-001  -8.400401e-001  -6.598958e-001  -3.329848e-001  -9.695070e-002  -8.783539e-004  -0.000000e+000  
-1.359683e+000  -1.593351e+000  -1.610656e+000  -1.560901e+000  -1.479936e+000  -1.375646e+000  -1.254594e+000  -1.126376e+000  -8.802661e-001  -4.382562e-001  -1.238707e-001  2.885430e-003  -0.000000e+000  
-2.329601e+000  -2.215495e+000  -2.142979e+000  -2.050633e+000  -1.931393e+000  -1.786589e+000  -1.624660e+000  -1.453793e+000  -1.127338e+000  -5.501273e-001  -1.484905e-001  1.120892e-002  -0.000000e+000  
-2.857338e+000  -2.789850e+000  -2.694246e+000  -2.567086e+000  -2.407660e+000  -2.217690e+000  -2.008317e+000  -1.789223e+000  -1.373435e+000  -6.530424e-001  -1.654655e-001  2.502787e-002  -0.000000e+000  
-3.454874e+000  -3.391365e+000  -3.276519e+000  -3.115470e+000  -2.912783e+000  -2.671920e+000  -2.407753e+000  -2.133463e+000  -1.616935e+000  -7.441745e-001  -1.729838e-001  4.544992e-002  -0.000000e+000  
-4.117175e+000  -4.044512e+000  -3.904992e+000  -3.705294e+000  -3.453138e+000  -3.153238e+000  -2.824918e+000  -2.486648e+000  -1.855194e+000  -8.201725e-001  -1.691767e-001  7.351244e-002  -0.000000e+000  
-4.853378e+000  -4.765349e+000  -4.594074e+000  -4.347592e+000  -4.036468e+000  -3.666163e+000  -3.261397e+000  -2.847987e+000  -2.084170e+000  -8.770658e-001  -1.521329e-001  1.101585e-001  -0.000000e+000  
-5.679274e+000  -5.570792e+000  -5.359249e+000  -5.054810e+000  -4.671550e+000  -4.215385e+000  -3.717974e+000  -3.215258e+000  -2.297923e+000  -9.101807e-001  -1.199282e-001  1.562078e-001  -0.000000e+000  
-6.740273e+000  -6.601928e+000  -6.332240e+000  -5.944841e+000  -5.459171e+000  -4.881569e+000  -4.254475e+000  -3.629946e+000  -2.509900e+000  -9.125258e-001  -6.335912e-002  2.200015e-001  -0.000000e+000  
-7.980802e+000  -7.803200e+000  -7.457078e+000  -6.960640e+000  -6.340800e+000  -5.604544e+000  -4.810588e+000  -4.034891e+000  -2.674578e+000  -8.690538e-001  1.728616e-002  2.971617e-001  -0.000000e+000  
-9.452823e+000  -9.223780e+000  -8.776777e+000  -8.135140e+000  -7.335677e+000  -6.386828e+000  -5.373865e+000  -4.409247e+000  -2.767220e+000  -7.697805e-001  1.241807e-001  3.879392e-001  -0.000000e+000  
-1.501201e+001  -1.456632e+001  -1.368331e+001  -1.239142e+001  -1.076124e+001  -8.812823e+000  -6.816177e+000  -5.091222e+000  -2.476613e+000  -1.585579e-001  5.588256e-001  7.047287e-001  -0.000000e+000  
-2.497598e+001  -2.423298e+001  -2.263181e+001  -1.997986e+001  -1.615055e+001  -1.109309e+001  -6.536219e+000  -3.517605e+000  -2.351383e-001  1.161874e+000  1.199709e+000  1.096044e+000  -0.000000e+000  
-3.045092e+001  -2.989638e+001  -2.853077e+001  -2.571348e+001  -2.026499e+001  -1.043900e+001  -3.688963e+000  -6.503563e-001  1.489108e+000  1.795199e+000  1.457023e+000  1.241375e+000  -0.000000e+000  
-3.664026e+001  -3.662691e+001  -3.637762e+001  -3.501711e+001  -2.928264e+001  -6.069984e+000  2.766740e+000  4.072158e+000  3.594499e+000  2.469153e+000  1.716628e+000  1.383857e+000  -0.000000e+000  
-4.279232e+001  -4.362549e+001  -4.569343e+001  -5.026706e+001  -6.124994e+001  3.489638e+001  1.659807e+001  1.033991e+001  5.734602e+000  3.126979e+000  1.967052e+000  1.519181e+000  -0.000000e+000  
-4.795432e+001  -4.908212e+001  -5.170344e+001  -5.673673e+001  -6.605493e+001  2.826296e+001  1.854610e+001  1.297056e+001  7.346580e+000  3.736130e+000  2.208059e+000  1.649041e+000  -0.000000e+000  
-5.132889e+001  -5.219585e+001  -5.397593e+001  -5.662545e+001  -5.948347e+001  1.927811e+001  1.613355e+001  1.288556e+001  8.208658e+000  4.221977e+000  2.415608e+000  1.761752e+000  -0.000000e+000  
-5.330520e+001  -5.384003e+001  -5.484199e+001  -5.610374e+001  -5.713853e+001  1.518655e+001  1.392511e+001  1.205210e+001  8.561298e+000  4.577893e+000  2.582156e+000  1.853448e+000  -0.000000e+000  
-5.438270e+001  -5.468697e+001  -5.522298e+001  -5.583161e+001  -5.626425e+001  1.310070e+001  1.245625e+001  1.126856e+001  8.652240e+000  4.815132e+000  2.703209e+000  1.921092e+000  -0.000000e+000  
-5.490855e+001  -5.509157e+001  -5.540155e+001  -5.573238e+001  -5.595063e+001  1.207017e+001  1.164483e+001  1.076837e+001  8.648236e+000  4.949399e+000  2.776472e+000  1.962529e+000  -0.000000e+000  
-5.506541e+001  -5.521175e+001  -5.545581e+001  -5.571021e+001  -5.587369e+001  1.175582e+001  1.138681e+001  1.059995e+001  8.637850e+000  4.992696e+000  2.800977e+000  1.976482e+000  -0.000000e+000  
-5.490855e+001  -5.509157e+001  -5.540155e+001  -5.573238e+001  -5.595063e+001  1.207017e+001  1.164483e+001  1.076837e+001  8.648236e+000  4.949399e+000  2.776472e+000  1.962529e+000  -0.000000e+000  
-5.438270e+001  -5.468697e+001  -5.522298e+001  -5.583161e+001  -5.626425e+001  1.310070e+001  1.245625e+001  1.126856e+001  8.652240e+000  4.815132e+000  2.703209e+000  1.921092e+000  -0.000000e+000  
-5.330520e+001  -5.384003e+001  -5.484199e+001  -5.610374e+001  -5.713853e+001  1.518655e+001  1.392511e+001  1.205210e+001  8.561298e+000  4.577893e+000  2.582156e+000  1.853448e+000  -0.000000e+000  
-5.132889e+001  -5.219585e+001  -5.397593e+001  -5.662545e+001  -5.948347e+001  1.927811e+001  1.613355e+001  1.288556e+001  8.208658e+000  4.221977e+000  2.415608e+000  1.761752e+000  -0.000000e+000  
-4.795432e+001  -4.908212e+001  -5.170344e+001  -5.673673e+001  -6.605493e+001  2.826296e+001  1.854610e+001  1.297056e+001  7.346580e+000  3.736130e+000  2.208059e+000  1.649041e+000  -0.000000e+000  
-4.279232e+001  -4.362549e+001  -4.569343e+001  -5.026706e+001  -6.124994e+001  3.489638e+001  1.659807e+001  1.033991e+001  5.734602e+000  3.126979e+000  1.967052e+000  1.519181e+000  -0.000000e+000  
-3.664026e+001  -3.662691e+001  -3.637762e+001  -3.501711e+001  -2.928264e+001  -6.069984e+000  2.766740e+000  4.072158e+000  3.594499e+000  2.469153e+000  1.716628e+000  1.383857e+000  -0.000000e+000  
-3.045092e+001  -2.989638e+001  -2.853077e+001  -2.571348e+001  -2.026499e+001  -1.043900e+001  -3.688963e+000  -6.503563e-001  1.489108e+000  1.795199e+000  1.457023e+000  1.241375e+000  -0.000000e+000  
-2.497598e+001  -2.423298e+001  -2.263181e+001  -1.997986e+001  -1.615055e+001  -1.109309e+001  -6.536219e+000  -3.517605e+000  -2.351383e-001  1.161874e+000  1.199709e+000  1.096044e+000  -0.000000e+000  
-1.501201e+001  -1.456632e+001  -1.368331e+001  -1.239142e+001  -1.076124e+001  -8.812823e+000  -6.816177e+000  -5.091222e+000  -2.476613e+000  -1.585579e-001  5.588256e-001  7.047287e-001  -0.000000e+000  
-9.452823e+000  -9.223780e+000  -8.776777e+000  -8.135140e+000  -7.335677e+000  -6.386828e+000  -5.373865e+000  -4.409247e+000  -2.767220e+000  -7.697805e-001  1.241807e-001  3.879392e-001  -0.000000e+000  
-7.980802e+000  -7.803200e+000  -7.457078e+000  -6.960640e+000  -6.340800e+000  -5.604544e+000  -4.810588e+000  -4.034891e+000  -2.674578e+000  -8.690538e-001  1.728616e-002  2.971617e-001  -0.000000e+000  
-6.740273e+000  -6.601928e+000  -6.332240e+000  -5.944841e+000  -5.459171e+000  -4.881569e+000  -4.254475e+000  -3.629946e+000  -2.509900e+000  -9.125258e-001  -6.335912e-002  2.200015e-001  -0.000000e+000  
-5.679274e+000  -5.570792e+000  -5.359249e+000  -5.054810e+000  -4.671550e+000  -4.215385e+000  -3.717974e+000  -3.215258e+000  -2.297923e+000  -9.101807e-001  -1.199282e-001  1.562078e-001  -0.000000e+000  
-4.853378e+000  -4.765349e+000  -4.594074e+000  -4.347592e+000  -4.036468e+000  -3.666163e+000  -3.261397e+000  -2.847987e+000  -2.084170e+000  -8.770658e-001  -1.521329e-001  1.101585e-001  -0.000000e+000  
-4.117175e+000  -4.044512e+000  -3.904992e+000  -3.705294e+000  -3.453138e+000  -3.153238e+000  -2.824918e+000  -2.486648e+000  -1.855194e+000  -8.201725e-001  -1.691767e-001  7.351244e-002  -0.000000e+000  
-3.454874e+000  -3.391365e+000  -3.276519e+000  -3.115470e+000  -2.912783e+000  -2.671920e+000  -2.407753e+000  -2.133463e+000  -1.616935e+000  -7.441745e-001  -1.729838e-001  4.544992e-002  -0.000000e+000  
-2.857338e+000  -2.789850e+000  -2.694246e+000  -2.567086e+000  -2.407660e+000  -2.217690e+000  -2.008317e+000  -1.789223e+000  -1.373435e+000  -6.530424e-001  -1.654655e-001  2.502787e-002  -0.000000e+000  
-2.329601e+000  -2.215495e+000  -2.142979e+000  -2.050633e+000  -1.931393e+000  -1.786589e+000  -1.624660e+000  -1.453793e+000  -1.127338e+000  -5.501273e-001  -1.484905e-001  1.120892e-002  -0.000000e+000  
-1.359683e+000  -1.593351e+000  -1.610656e+000  -1.560901e+000  -1.479936e+000  -1.375646e+000  -1.254594e+000  -1.126376e+000  -8.802661e-001  -4.382562e-001  -1.238707e-001  2.885430e-003  -0.000000e+000  
-1.346617e+000  -1.238377e+000  -1.199174e+000  -1.154534e+000  -1.096415e+000  -1.022120e+000  -9.336726e-001  -8.400401e-001  -6.598958e-001  -3.329848e-001  -9.695070e-002  -8.783539e-004  -0.000000e+000  
-8.681171e-001  -8.279060e-001  -7.963002e-001  -7.635695e-001  -7.250175e-001  -6.767761e-001  -6.189907e-001  -5.577452e-001  -4.397181e-001  -2.239835e-001  -6.655114e-002  -2.039025e-003  -0.000000e+000  
-4.271405e-001  -4.127190e-001  -3.970008e-001  -3.801226e-001  -3.608314e-001  -3.370053e-001  -3.084594e-001  -2.781837e-001  -2.197822e-001  -1.125798e-001  -3.384871e-002  -1.456455e-003  -0.000000e+000  
-0.000000e+000  -0.000000e+000  -0.000000e+000  -0.000000e+000  -0.000000e+000  -0.000000e+000  -0.000000e+000  -0.000000e+000  -0.000000e+000  -0.000000e+000  -0.000000e+000  -0.000000e+000  -0.000000e+000  

0.000000e+000  0.000000e+000  0.000000e+000  0.000000e+000  0.000000e+000  0.000000e+000  0.000000e+000  0.000000e+000  0.000000e+000  0.000000e+000  0.000000e+000  0.000000e+000  0.000000e+000  
0.000000e+000  0.000000e+000  0.000000e+000  0.000000e+000  0.000000e+000  0.000000e+000  0.000000e+000  0.000000e+000  0.000000e+000  0.000000e+000  0.000000e+000  0.000000e+000  0.000000e+000  
0.000000e+000  0.000000e+000  0.000000e+000  0.000000e+000  0.000000e+000  0.000000e+000  0.000000e+000  0.000000e+000  0.000000e+000  0.000000e+000  0.000000e+000  0.000000e+000  0.000000e+000  
0.000000e+000  0.000000e+000  0.000000e+000  0.000000e+000  0.000000e+000  0.000000e+000  0.000000e+000  0.000000e+000  0.000000e+000  0.000000e+000  0.000000e+000  0.000000e+000  0.000000e+000  
0.000000e+000  0.000000e+000  0.000000e+000  0.000000e+000  0.000000e+000  0.000000e+000  0.000000e+000  0.000000e+000  0.000000e+000  0.000000e+000  0.000000e+000  0.000000e+000  0.000000e+000  
0.000000e+000  0.000000e+000  0.000000e+000  0.000000e+000  0.000000e+000  0.000000e+000  0.000000e+000  0.000000e+000  0.000000e+000  0.000000e+000  0.000000e+000  0.000000e+000  0.000000e+000  
0.000000e+000  0.000000e+000  0.000000e+000  0.000000e+000  0.000000e+000  0.000000e+000  0.000000e+000  0.000000e+000  0.000000e+000  0.000000e+000  0.000000e+000  0.000000e+000  0.000000e+000  
0.000000e+000  0.000000e+000  0.000000e+000  0.000000e+000  0.000000e+000  0.000000e+000  0.000000e+000  0.000000e+000  0.000000e+000  0.000000e+000  0.000000e+000  0.000000e+000  0.000000e+000  
0.000000e+000  0.000000e+000  0.000000e+000  0.000000e+000  0.000000e+000  0.000000e+000  0.000000e+000  0.000000e+000  0.000000e+000  0.000000e+000  0.000000e+000  0.000000e+000  0.000000e+000  
0.000000e+000  0.000000e+000  0.000000e+000  0.000000e+000  0.000000e+000  0.000000e+000  0.000000e+000  0.000000e+000  0.000000e+000  0.000000e+000  0.000000e+000  0.000000e+000  0.000000e+000  
0.000000e+000  0.000000e+000  0.000000e+000  0.000000e+000  0.000000e+000  0.000000e+000  0.000000e+000  0.000000e+000  0.000000e+000  0.000000e+000  0.000000e+000  0.000000e+000  0.000000e+000  
0.000000e+000  0.000000e+000  0.000000e+000  0.000000e+000  0.000000e+000  0.000000e+000  0.000000e+000  0.000000e+000  0.000000e+000  0.000000e+000  0.000000e+000  0.000000e+000  0.000000e+000  
0.000000e+000  0.000000e+000  0.000000e+000  0.000000e+000  0.000000e+000  0.000000e+000  0.000000e+000  0.000000e+000  0.000000e+000  0.000000e+000  0.000000e+000  0.000000e+000  0.000000e+000  
0.000000e+000  0.000000e+000  0.000000e+000  0.000000e+000  0.000000e+000  0.000000e+000  0.000000e+000  0.000000e+000  0.000000e+000  0.000000e+000  0.000000e+000  0.000000e+000  0.000000e+000  
0.000000e+000  0.000000e+000  0.000000e+000  0.000000e+000  0.000000e+000  0.000000e+000  0.000000e+000  0.000000e+000  0.000000e+000  0.000000e+000  0.000000e+000  0.000000e+000  0.000000e+000  
0.000000e+000  0.000000e+000  0.000000e+000  0.000000e+000  0.000000e+000  0.000000e+000  0.000000e+000  0.000000e+000  0.000000e+000  0.000000e+000  0.000000e+000  0.000000e+000  0.000000e+000  
0.000000e+000  0.000000e+000  0.000000e+000  0.000000e+000  0.000000e+000  0.000000e+000  0.000000e+000  0.000000e+000  0.000000e+000  0.000000e+000  0.000000e+000  0.000000e+000  0.000000e+000  
0.000000e+000  0.000000e+000  0.000000e+000  0.000000e+000  0.000000e+000  0.000000e+000  0.000000e+000  0.000000e+000  0.000000e+000  0.000000e+000  0.000000e+000  0.000000e+000  0.000000e+000  
0.000000e+000  0.000000e+000  0.000000e+000  0.000000e+000  0.000000e+000  0.000000e+000  0.000000e+000  0.000000e+000  0.000000e+000  0.000000e+000  0.000000e+000  0.000000e+000  0.000000e+000  
0.000000e+000  0.000000e+000  0.000000e+000  0.000000e+000  0.000000e+000  0.000000e+000  0.000000e+000  0.000000e+000  0.000000e+000  0.000000e+000  0.000000e+000  0.000000e+000  0.000000e+000  
0.000000e+000  0.000000e+000  0.000000e+000  0.000000e+000  0.000000e+000  0.000000e+000  0.000000e+000  0.000000e+000  0.000000e+000  0.000000e+000  0.000000e+000  0.000000e+000  0.000000e+000  
0.000000e+000  0.000000e+000  0.000000e+000  0.000000e+000  0.000000e+000  0.000000e+000  0.000000e+000  0.000000e+000  0.000000e+000  0.000000e+000  0.000000e+000  0.000000e+000  0.000000e+000  
0.000000e+000  0.000000e+000  0.000000e+000  0.000000e+000  0.000000e+000  0.000000e+000  0.000000e+000  0.000000e+000  0.000000e+000  0.000000e+000  0.000000e+000  0.000000e+000  0.000000e+000  
0.000000e+000  0.000000e+000  0.000000e+000  0.000000e+000  0.000000e+000  0.000000e+000  0.000000e+000  0.000000e+000  0.000000e+000  0.000000e+000  0.000000e+000  0.000000e+000  0.000000e+000  
0.000000e+000  0.000000e+000  0.000000e+000  0.000000e+000  0.000000e+000  0.000000e+000  0.000000e+000  0.000000e+000  0.000000e+000  0.000000e+000  0.000000e+000  0.000000e+000  0.000000e+000  
0.000000e+000  0.000000e+000  0.000000e+000  0.000000e+000  0.000000e+000  0.000000e+000  0.000000e+000  0.000000e+000  0.000000e+000  0.000000e+000  0.000000e+000  0.000000e+000  0.000000e+000  
0.000000e+000  0.000000e+000  0.000000e+000  0.000000e+000  0.000000e+000  0.000000e+000  0.000000e+000  0.000000e+000  0.000000e+000  0.000000e+000  0.000000e+000  0.000000e+000  0.000000e+000  
0.000000e+000  0.000000e+000  0.000000e+000  0.000000e+000  0.000000e+000  0.000000e+000  0.000000e+000  0.000000e+000  0.000000e+000  0.000000e+000  0.000000e+000  0.000000e+000  0.000000e+000  
0.000000e+000  0.000000e+000  0.000000e+000  0.000000e+000  0.000000e+000  0.000000e+000  0.000000e+000  0.000000e+000  0.000000e+000  0.000000e+000  0.000000e+000  0.000000e+000  0.000000e+000  
0.000000e+000  0.000000e+000  0.000000e+000  0.000000e+000  0.000000e+000  0.000000e+000  0.000000e+000  0.000000e+000  0.000000e+000  0.000000e+000  0.000000e+000  0.000000e+000  0.000000e+000  
0.000000e+000  0.000000e+000  0.000000e+000  0.000000e+000  0.000000e+000  0.000000e+000  0.000000e+000  0.000000e+000  0.000000e+000  0.000000e+000  0.000000e+000  0.000000e+000  0.000000e+000  
0.000000e+000  0.000000e+000  0.000000e+000  0.000000e+000  0.000000e+000  0.000000e+000  0.000000e+000  0.000000e+000  0.000000e+000  0.000000e+000  0.000000e+000  0.000000e+000  0.000000e+000  
0.000000e+000  0.000000e+000  0.000000e+000  0.000000e+000  0.000000e+000  0.000000e+000  0.000000e+000  0.000000e+000  0.000000e+000  0.000000e+000  0.000000e+000  0.000000e+000  0.000000e+000  
0.000000e+000  0.000000e+000  0.000000e+000  0.000000e+000  0.000000e+000  0.000000e+000  0.000000e+000  0.000000e+000  0.000000e+000  0.000000e+000  0.000000e+000  0.000000e+000  0.000000e+000  
0.000000e+000  0.000000e+000  0.000000e+000  0.000000e+000  0.000000e+000  0.000000e+000  0.000000e+000  0.000000e+000  0.000000e+000  0.000000e+000  0.000000e+000  0.000000e+000  0.000000e+000  
0.000000e+000  0.000000e+000  0.000000e+000  0.000000e+000  0.000000e+000  0.000000e+000  0.000000e+000  0.000000e+000  0.000000e+000  0.000000e+000  0.000000e+000  0.000000e+000  0.000000e+000  
0.000000e+000  0.000000e+000  0.000000e+000  0.000000e+000  0.000000e+000  0.000000e+000  0.000000e+000  0.000000e+000  0.000000e+000  0.000000e+000  0.000000e+000  0.000000e+000  0.000000e+000  
0.000000e+000  0.000000e+000  0.000000e+000  0.000000e+000  0.000000e+000  0.000000e+000  0.000000e+000  0.000000e+000  0.000000e+000  0.000000e+000  0.000000e+000  0.000000e+000  0.000000e+000  
0.000000e+000  0.000000e+000  0.000000e+000  0.000000e+000  0.000000e+000  0.000000e+000  0.000000e+000  0.000000e+000  0.000000e+000  0.000000e+000  0.000000e+000  0.000000e+000  0.000000e+000  
0.000000e+000  0.000000e+000  0.000000e+000  0.000000e+000  0.000000e+000  0.000000e+000  0.000000e+000  0.000000e+000  0.000000e+000  0.000000e+000  0.000000e+000  0.000000e+000  0.000000e+000  
0.000000e+000  0.000000e+000  0.000000e+000  0.000000e+000  0.000000e+000  0.000000e+000  0.000000e+000  0.000000e+000  0.000000e+000  0.000000e+000  0.000000e+000  0.000000e+000  0.000000e+000  
0.000000e+000  0.000000e+000  0.000000e+000  0.000000e+000  0.000000e+000  0.000000e+000  0.000000e+000  0.000000e+000  0.000000e+000  0.000000e+000  0.000000e+000  0.000000e+000  0.000000e+000  
0.000000e+000  0.000000e+000  0.000000e+000  0.000000e+000  0.000000e+000  0.000000e+000  0.000000e+000  0.000000e+000  0.000000e+000  0.000000e+000  0.000000e+000  0.000000e+000  0.000000e+000  
0.000000e+000  0.000000e+000  0.000000e+000  0.000000e+000  0.000000e+000  0.000000e+000  0.000000e+000  0.000000e+000  0.000000e+000  0.000000e+000  0.000000e+000  0.000000e+000  0.000000e+000  
0.000000e+000  0.000000e+000  0.000000e+000  0.000000e+000  0.000000e+000  0.000000e+000  0.000000e+000  0.000000e+000  0.000000e+000  0.000000e+000  0.000000e+000  0.000000e+000  0.000000e+000  
0.000000e+000  0.000000e+000  0.000000e+000  0.000000e+000  0.000000e+000  0.000000e+000  0.000000e+000  0.000000e+000  0.000000e+000  0.000000e+000  0.000000e+000  0.000000e+000  0.000000e+000  
0.000000e+000  0.000000e+000  0.000000e+000  0.000000e+000  0.000000e+000  0.000000e+000  0.000000e+000  0.000000e+000  0.000000e+000  0.000000e+000  0.000000e+000  0.000000e+000  0.000000e+000  
0.000000e+000  0.000000e+000  0.000000e+000  0.000000e+000  0.000000e+000  0.000000e+000  0.000000e+000  0.000000e+000  0.000000e+000  0.000000e+000  0.000000e+000  0.000000e+000  0.000000e+000  
0.000000e+000  0.000000e+000  0.000000e+000  0.000000e+000  0.000000e+000  0.000000e+000  0.000000e+000  0.000000e+000  0.000000e+000  0.000000e+000  0.000000e+000  0.000000e+000  0.000000e+000  

0.000000e+000  0.000000e+000  0.000000e+000  0.000000e+000  0.000000e+000  0.000000e+000  0.000000e+000  0.000000e+000  0.000000e+000  0.000000e+000  0.000000e+000  0.000000e+000  0.000000e+000  
0.000000e+000  0.000000e+000  0.000000e+000  0.000000e+000  0.000000e+000  0.000000e+000  0.000000e+000  0.000000e+000  0.000000e+000  0.000000e+000  0.000000e+000  0.000000e+000  0.000000e+000  
0.000000e+000  0.000000e+000  0.000000e+000  0.000000e+000  0.000000e+000  0.000000e+000  0.000000e+000  0.000000e+000  0.000000e+000  0.000000e+000  0.000000e+000  0.000000e+000  0.000000e+000  
0.000000e+000  0.000000e+000  0.000000e+000  0.000000e+000  0.000000e+000  0.000000e+000  0.000000e+000  0.000000e+000  0.000000e+000  0.000000e+000  0.000000e+000  0.000000e+000  0.000000e+000  
0.000000e+000  0.000000e+000  0.000000e+000  0.000000e+000  0.000000e+000  0.000000e+000  0.000000e+000  0.000000e+000  0.000000e+000  0.000000e+000  0.000000e+000  0.000000e+000  0.000000e+000  
0.000000e+000  0.000000e+000  0.000000e+000  0.000000e+000  0.000000e+000  0.000000e+000  0.000000e+000  0.000000e+000  0.000000e+000  0.000000e+000  0.000000e+000  0.000000e+000  0.000000e+000  
0.000000e+000  0.000000e+000  0.000000e+000  0.000000e+000  0.000000e+000  0.000000e+000  0.000000e+000  0.000000e+000  0.000000e+000  0.000000e+000  0.000000e+000  0.000000e+000  0.000000e+000  
0.000000e+000  0.000000e+000  0.000000e+000  0.000000e+000  0.000000e+000  0.000000e+000  0.000000e+000  0.000000e+000  0.000000e+000  0.000000e+000  0.000000e+000  0.000000e+000  0.000000e+000  
0.000000e+000  0.000000e+000  0.000000e+000  0.000000e+000  0.000000e+000  0.000000e+000  0.000000e+000  0.000000e+000  0.000000e+000  0.000000e+000  0.000000e+000  0.000000e+000  0.000000e+000  
0.000000e+000  0.000000e+000  0.000000e+000  0.000000e+000  0.000000e+000  0.000000e+000  0.000000e+000  0.000000e+000  0.000000e+000  0.000000e+000  0.000000e+000  0.000000e+000  0.000000e+000  
0.000000e+000  0.000000e+000  0.000000e+000  0.000000e+000  0.000000e+000  0.000000e+000  0.000000e+000  0.000000e+000  0.000000e+000  0.000000e+000  0.000000e+000  0.000000e+000  0.000000e+000  
0.000000e+000  0.000000e+000  0.000000e+000  0.000000e+000  0.000000e+000  0.000000e+000  0.000000e+000  0.000000e+000  0.000000e+000  0.000000e+000  0.000000e+000  0.000000e+000  0.000000e+000  
0.000000e+000  0.000000e+000  0.000000e+000  0.000000e+000  0.000000e+000  0.000000e+000  0.000000e+000  0.000000e+000  0.000000e+000  0.000000e+000  0.000000e+000  0.000000e+000  0.000000e+000  
0.000000e+000  0.000000e+000  0.000000e+000  0.000000e+000  0.000000e+000  0.000000e+000  0.000000e+000  0.000000e+000  0.000000e+000  0.000000e+000  0.000000e+000  0.000000e+000  0.000000e+000  
0.000000e+000  0.000000e+000  0.000000e+000  0.000000e+000  0.000000e+000  0.000000e+000  0.000000e+000  0.000000e+000  0.000000e+000  0.000000e+000  0.000000e+000  0.000000e+000  0.000000e+000  
0.000000e+000  0.000000e+000  0.000000e+000  0.000000e+000  0.000000e+000  0.000000e+000  0.000000e+000  0.000000e+000  0.000000e+000  0.000000e+000  0.000000e+000  0.000000e+000  0.000000e+000  
0.000000e+000  0.000000e+000  0.000000e+000  0.000000e+000  0.000000e+000  0.000000e+000  0.000000e+000  0.000000e+000  0.000000e+000  0.000000e+000  0.000000e+000  0.000000e+000  0.000000e+000  
0.000000e+000  0.000000e+000  0.000000e+000  0.000000e+000  0.000000e+000  0.000000e+000  0.000000e+000  0.000000e+000  0.000000e+000  0.000000e+000  0.000000e+000  0.000000e+000  0.000000e+000  
0.000000e+000  0.000000e+000  0.000000e+000  0.000000e+000  0.000000e+000  0.000000e+000  0.000000e+000  0.000000e+000  0.000000e+000  0.000000e+000  0.000000e+000  0.000000e+000  0.000000e+000  
0.000000e+000  0.000000e+000  0.000000e+000  0.000000e+000  0.000000e+000  0.000000e+000  0.000000e+000  0.000000e+000  0.000000e+000  0.000000e+000  0.000000e+000  0.000000e+000  0.000000e+000  
0.000000e+000  0.000000e+000  0.000000e+000  0.000000e+000  0.000000e+000  0.000000e+000  0.000000e+000  0.000000e+000  0.000000e+000  0.000000e+000  0.000000e+000  0.000000e+000  0.000000e+000  
0.000000e+000  0.000000e+000  0.000000e+000  0.000000e+000  0.000000e+000  0.000000e+000  0.000000e+000  0.000000e+000  0.000000e+000  0.000000e+000  0.000000e+000  0.000000e+000  0.000000e+000  
0.000000e+000  0.000000e+000  0.000000e+000  0.000000e+000  0.000000e+000  0.000000e+000  0.000000e+000  0.000000e+000  0.000000e+000  0.000000e+000  0.000000e+000  0.000000e+000  0.000000e+000  
0.000000e+000  0.000000e+000  0.000000e+000  0.000000e+000  0.000000e+000  0.000000e+000  0.000000e+000  0.000000e+000  0.000000e+000  0.000000e+000  0.000000e+000  0.000000e+000  0.000000e+000  
0.000000e+000  0.000000e+000  0.000000e+000  0.000000e+000  0.000000e+000  0.000000e+000  0.000000e+000  0.000000e+000  0.000000e+000  0.000000e+000  0.000000e+000  0.000000e+000  0.000000e+000  
0.000000e+000  0.000000e+000  0.000000e+000  0.000000e+000  0.000000e+000  0.000000e+000  0.000000e+000  0.000000e+000  0.000000e+000  0.000000e+000  0.000000e+000  0.000000e+000  0.000000e+000  
0.000000e+000  0.000000e+000  0.000000e+000  0.000000e+000  0.000000e+000  0.000000e+000  0.000000e+000  0.000000e+000  0.000000e+000  0.000000e+000  0.000000e+000  0.000000e+000  0.000000e+000  
0.000000e+000  0.000000e+000  0.000000e+000  0.000000e+000  0.000000e+000  0.000000e+000  0.000000e+000  0.000000e+000  0.000000e+000  0.000000e+000  0.000000e+000  0.000000e+000  0.000000e+000  
0.000000e+000  0.000000e+000  0.000000e+000  0.000000e+000  0.000000e+000  0.000000e+000  0.000000e+000  0.000000e+000  0.000000e+000  0.000000e+000  0.000000e+000  0.000000e+000  0.000000e+000  
0.000000e+000  0.000000e+000  0.000000e+000  0.000000e+000  0.000000e+000  0.000000e+000  0.000000e+000  0.000000e+000  0.000000e+000  0.000000e+000  0.000000e+000  0.000000e+000  0.000000e+000  
0.000000e+000  0.000000e+000  0.000000e+000  0.000000e+000  0.000000e+000  0.000000e+000  0.000000e+000  0.000000e+000  0.000000e+000  0.000000e+000  0.000000e+000  0.000000e+000  0.000000e+000  
0.000000e+000  0.000000e+000  0.000000e+000  0.000000e+000  0.000000e+000  0.000000e+000  0.000000e+000  0.000000e+000  0.000000e+000  0.000000e+000  0.000000e+000  0.000000e+000  0.000000e+000  
0.000000e+000  0.000000e+000  0.000000e+000  0.000000e+000  0.000000e+000  0.000000e+000  0.000000e+000  0.000000e+000  0.000000e+000  0.000000e+000  0.000000e+000  0.000000e+000  0.000000e+000  
0.000000e+000  0.000000e+000  0.000000e+000  0.000000e+000  0.000000e+000  0.000000e+000  0.000000e+000  0.000000e+000  0.000000e+000  0.000000e+000  0.000000e+000  0.000000e+000  0.000000e+000  
0.000000e+000  0.000000e+000  0.000000e+000  0.000000e+000  0.000000e+000  0.000000e+000  0.000000e+000  0.000000e+000  0.000000e+000  0.000000e+000  0.000000e+000  0.000000e+000  0.000000e+000  
0.000000e+000  0.000000e+000  0.000000e+000  0.000000e+000  0.000000e+000  0.000000e+000  0.000000e+000  0.000000e+000  0.000000e+000  0.000000e+000  0.000000e+000  0.000000e+000  0.000000e+000  
0.000000e+000  0.000000e+000  0.000000e+000  0.000000e+000  0.000000e+000  0.000000e+000  0.000000e+000  0.000000e+000  0.000000e+000  0.000000e+000  0.000000e+000  0.000000e+000  0.000000e+000  
0.000000e+000  0.000000e+000  0.000000e+000  0.000000e+000  0.000000e+000  0.000000e+000  0.000000e+000  0.000000e+000  0.000000e+000  0.000000e+000  0.000000e+000  0.000000e+000  0.000000e+000  
0.000000e+000  0.000000e+000  0.000000e+000  0.000000e+000  0.000000e+000  0.000000e+000  0.000000e+000  0.000000e+000  0.000000e+000  0.000000e+000  0.000000e+000  0.000000e+000  0.000000e+000  
0.000000e+000  0.000000e+000  0.000000e+000  0.000000e+000  0.000000e+000  0.000000e+000  0.000000e+000  0.000000e+000  0.000000e+000  0.000000e+000  0.000000e+000  0.000000e+000  0.000000e+000  
0.000000e+000  0.000000e+000  0.000000e+000  0.000000e+000  0.000000e+000  0.000000e+000  0.000000e+000  0.000000e+000  0.000000e+000  0.000000e+000  0.000000e+000  0.000000e+000  0.000000e+000  
0.000000e+000  0.000000e+000  0.000000e+000  0.000000e+000  0.000000e+000  0.000000e+000  0.000000e+000  0.000000e+000  0.000000e+000  0.000000e+000  0.000000e+000  0.000000e+000  0.000000e+000  
0.000000e+000  0.000000e+000  0.000000e+000  0.000000e+000  0.000000e+000  0.000000e+000  0.000000e+000  0.000000e+000  0.000000e+000  0.000000e+000  0.000000e+000  0.000000e+000  0.000000e+000  
0.000000e+000  0.000000e+000  0.000000e+000  0.000000e+000  0.000000e+000  0.000000e+000  0.000000e+000  0.000000e+000  0.000000e+000  0.000000e+000  0.000000e+000  0.000000e+000  0.000000e+000  
0.000000e+000  0.000000e+000  0.000000e+000  0.000000e+000  0.000000e+000  0.000000e+000  0.000000e+000  0.000000e+000  0.000000e+000  0.000000e+000  0.000000e+000  0.000000e+000  0.000000e+000  
0.000000e+000  0.000000e+000  0.000000e+000  0.000000e+000  0.000000e+000  0.000000e+000  0.000000e+000  0.000000e+000  0.000000e+000  0.000000e+000  0.000000e+000  0.000000e+000  0.000000e+000  
0.000000e+000  0.000000e+000  0.000000e+000  0.000000e+000  0.000000e+000  0.000000e+000  0.000000e+000  0.000000e+000  0.000000e+000  0.000000e+000  0.000000e+000  0.000000e+000  0.000000e+000  
0.000000e+000  0.000000e+000  0.000000e+000  0.000000e+000  0.000000e+000  0.000000e+000  0.000000e+000  0.000000e+000  0.000000e+000  0.000000e+000  0.000000e+000  0.000000e+000  0.000000e+000  
0.000000e+000  0.000000e+000  0.000000e+000  0.000000e+000  0.000000e+000  0.000000e+000  0.000000e+000  0.000000e+000  0.000000e+000  0.000000e+000  0.000000e+000  0.000000e+000  0.000000e+000  

0.000000e+000  0.000000e+000  0.000000e+000  0.000000e+000  0.000000e+000  0.000000e+000  0.000000e+000  0.000000e+000  0.000000e+000  0.000000e+000  0.000000e+000  0.000000e+000  0.000000e+000  
0.000000e+000  0.000000e+000  0.000000e+000  0.000000e+000  0.000000e+000  0.000000e+000  0.000000e+000  0.000000e+000  0.000000e+000  0.000000e+000  0.000000e+000  0.000000e+000  0.000000e+000  
0.000000e+000  0.000000e+000  0.000000e+000  0.000000e+000  0.000000e+000  0.000000e+000  0.000000e+000  0.000000e+000  0.000000e+000  0.000000e+000  0.000000e+000  0.000000e+000  0.000000e+000  
0.000000e+000  0.000000e+000  0.000000e+000  0.000000e+000  0.000000e+000  0.000000e+000  0.000000e+000  0.000000e+000  0.000000e+000  0.000000e+000  0.000000e+000  0.000000e+000  0.000000e+000  
0.000000e+000  0.000000e+000  0.000000e+000  0.000000e+000  0.000000e+000  0.000000e+000  0.000000e+000  0.000000e+000  0.000000e+000  0.000000e+000  0.000000e+000  0.000000e+000  0.000000e+000  
0.000000e+000  0.000000e+000  0.000000e+000  0.000000e+000  0.000000e+000  0.000000e+000  0.000000e+000  0.000000e+000  0.000000e+000  0.000000e+000  0.000000e+000  0.000000e+000  0.000000e+000  
0.000000e+000  0.000000e+000  0.000000e+000  0.000000e+000  0.000000e+000  0.000000e+000  0.000000e+000  0.000000e+000  0.000000e+000  0.000000e+000  0.000000e+000  0.000000e+000  0.000000e+000  
0.000000e+000  0.000000e+000  0.000000e+000  0.000000e+000  0.000000e+000  0.000000e+000  0.000000e+000  0.000000e+000  0.000000e+000  0.000000e+000  0.000000e+000  0.000000e+000  0.000000e+000  
0.000000e+000  0.000000e+000  0.000000e+000  0.000000e+000  0.000000e+000  0.000000e+000  0.000000e+000  0.000000e+000  0.000000e+000  0.000000e+000  0.000000e+000  0.000000e+000  0.000000e+000  
0.000000e+000  0.000000e+000  0.000000e+000  0.000000e+000  0.000000e+000  0.000000e+000  0.000000e+000  0.000000e+000  0.000000e+000  0.000000e+000  0.000000e+000  0.000000e+000  0.000000e+000  
0.000000e+000  0.000000e+000  0.000000e+000  0.000000e+000  0.000000e+000  0.000000e+000  0.000000e+000  0.000000e+000  0.000000e+000  0.000000e+000  0.000000e+000  0.000000e+000  0.000000e+000  
0.000000e+000  0.000000e+000  0.000000e+000  0.000000e+000  0.000000e+000  0.000000e+000  0.000000e+000  0.000000e+000  0.000000e+000  0.000000e+000  0.000000e+000  0.000000e+000  0.000000e+000  
0.000000e+000  0.000000e+000  0.000000e+000  0.000000e+000  0.000000e+000  0.000000e+000  0.000000e+000  0.000000e+000  0.000000e+000  0.000000e+000  0.000000e+000  0.000000e+000  0.000000e+000  
0.000000e+000  0.000000e+000  0.000000e+000  0.000000e+000  0.000000e+000  0.000000e+000  0.000000e+000  0.000000e+000  0.000000e+000  0.000000e+000  0.000000e+000  0.000000e+000  0.000000e+000  
0.000000e+000  0.000000e+000  0.000000e+000  0.000000e+000  0.000000e+000  0.000000e+000  0.000000e+000  0.000000e+000  0.000000e+000  0.000000e+000  0.000000e+000  0.000000e+000  0.000000e+000  
0.000000e+000  0.000000e+000  0.000000e+000  0.000000e+000  0.000000e+000  0.000000e+000  0.000000e+000  0.000000e+000  0.000000e+000  0.000000e+000  0.000000e+000  0.000000e+000  0.000000e+000  
0.000000e+000  0.000000e+000  0.000000e+000  0.000000e+000  0.000000e+000  0.000000e+000  0.000000e+000  0.000000e+000  0.000000e+000  0.000000e+000  0.000000e+000  0.000000e+000  0.000000e+000  
0.000000e+000  0.000000e+000  0.000000e+000  0.000000e+000  0.000000e+000  0.000000e+000  0.000000e+000  0.000000e+000  0.000000e+000  0.000000e+000  0.000000e+000  0.000000e+000  0.000000e+000  
0.000000e+000  0.000000e+000  0.000000e+000  0.000000e+000  0.000000e+000  0.000000e+000  0.000000e+000  0.000000e+000  0.000000e+000  0.000000e+000  0.000000e+000  0.000000e+000  0.000000e+000  
0.000000e+000  0.000000e+000  0.000000e+000  0.000000e+000  0.000000e+000  0.000000e+000  0.000000e+000  0.000000e+000  0.000000e+000  0.000000e+000  0.000000e+000  0.000000e+000  0.000000e+000  
0.000000e+000  0.000000e+000  0.000000e+000  0.000000e+000  0.000000e+000  0.000000e+000  0.000000e+000  0.000000e+000  0.000000e+000  0.000000e+000  0.000000e+000  0.000000e+000  0.000000e+000  
0.000000e+000  0.000000e+000  0.000000e+000  0.000000e+000  0.000000e+000  0.000000e+000  0.000000e+000  0.000000e+000  0.000000e+000  0.000000e+000  0.000000e+000  0.000000e+000  0.000000e+000  
0.000000e+000  0.000000e+000  0.000000e+000  0.000000e+000  0.000000e+000  0.000000e+000  0.000000e+000  0.000000e+000  0.000000e+000  0.000000e+000  0.000000e+000  0.000000e+000  0.000000e+000  
0.000000e+000  0.000000e+000  0.000000e+000  0.000000e+000  0.000000e+000  0.000000e+000  0.000000e+000  0.000000e+000  0.000000e+000  0.000000e+000  0.000000e+000  0.000000e+000  0.000000e+000  
0.000000e+000  0.000000e+000  0.000000e+000  0.000000e+000  0.000000e+000  0.000000e+000  0.000000e+000  0.000000e+000  0.000000e+000  0.000000e+000  0.000000e+000  0.000000e+000  0.000000e+000  
0.000000e+000  0.000000e+000  0.000000e+000  0.000000e+000  0.000000e+000  0.000000e+000  0.000000e+000  0.000000e+000  0.000000e+000  0.000000e+000  0.000000e+000  0.000000e+000  0.000000e+000  
0.000000e+000  0.000000e+000  0.000000e+000  0.000000e+000  0.000000e+000  0.000000e+000  0.000000e+000  0.000000e+000  0.000000e+000  0.000000e+000  0.000000e+000  0.000000e+000  0.000000e+000  
0.000000e+000  0.000000e+000  0.000000e+000  0.000000e+000  0.000000e+000  0.000000e+000  0.000000e+000  0.000000e+000  0.000000e+000  0.000000e+000  0.000000e+000  0.000000e+000  0.000000e+000  
0.000000e+000  0.000000e+000  0.000000e+000  0.000000e+000  0.000000e+000  0.000000e+000  0.000000e+000  0.000000e+000  0.000000e+000  0.000000e+000  0.000000e+000  0.000000e+000  0.000000e+000  
0.000000e+000  0.000000e+000  0.000000e+000  0.000000e+000  0.000000e+000  0.000000e+000  0.000000e+000  0.000000e+000  0.000000e+000  0.000000e+000  0.000000e+000  0.000000e+000  0.000000e+000  
0.000000e+000  0.000000e+000  0.000000e+000  0.000000e+000  0.000000e+000  0.000000e+000  0.000000e+000  0.000000e+000  0.000000e+000  0.000000e+000  0.000000e+000  0.000000e+000  0.000000e+000  
0.000000e+000  0.000000e+000  0.000000e+000  0.000000e+000  0.000000e+000  0.000000e+000  0.000000e+000  0.000000e+000  0.000000e+000  0.000000e+000  0.000000e+000  0.000000e+000  0.000000e+000  
0.000000e+000  0.000000e+000  0.000000e+000  0.000000e+000  0.000000e+000  0.000000e+000  0.000000e+000  0.000000e+000  0.000000e+000  0.000000e+000  0.000000e+000  0.000000e+000  0.000000e+000  
0.000000e+000  0.000000e+000  0.000000e+000  0.000000e+000  0.000000e+000  0.000000e+000  0.000000e+000  0.000000e+000  0.000000e+000  0.000000e+000  0.000000e+000  0.000000e+000  0.000000e+000  
0.000000e+000  0.000000e+000  0.000000e+000  0.000000e+000  0.000000e+000  0.000000e+000  0.000000e+000  0.000000e+000  0.000000e+000  0.000000e+000  0.000000e+000  0.000000e+000  0.000000e+000  
0.000000e+000  0.000000e+000  0.000000e+000  0.000000e+000  0.000000e+000  0.000000e+000  0.000000e+000  0.000000e+000  0.000000e+000  0.000000e+000  0.000000e+000  0.000000e+000  0.000000e+000  
0.000000e+000  0.000000e+000  0.000000e+000  0.000000e+000  0.000000e+000  0.000000e+000  0.000000e+000  0.000000e+000  0.000000e+000  0.000000e+000  0.000000e+000  0.000000e+000  0.000000e+000  
0.000000e+000  0.000000e+000  0.000000e+000  0.000000e+000  0.000000e+000  0.000000e+000  0.000000e+000  0.000000e+000  0.000000e+000  0.000000e+000  0.000000e+000  0.000000e+000  0.000000e+000  
0.000000e+000  0.000000e+000  0.000000e+000  0.000000e+000  0.000000e+000  0.000000e+000  0.000000e+000  0.000000e+000  0.000000e+000  0.000000e+000  0.000000e+000  0.000000e+000  0.000000e+000  
0.000000e+000  0.000000e+000  0.000000e+000  0.000000e+000  0.000000e+000  0.000000e+000  0.000000e+000  0.000000e+000  0.000000e+000  0.000000e+000  0.000000e+000  0.000000e+000  0.000000e+000  
0.000000e+000  0.000000e+000  0.000000e+000  0.000000e+000  0.000000e+000  0.000000e+000  0.000000e+000  0.000000e+000  0.000000e+000  0.000000e+000  0.000000e+000  0.000000e+000  0.000000e+000  
0.000000e+000  0.000000e+000  0.000000e+000  0.000000e+000  0.000000e+000  0.000000e+000  0.000000e+000  0.000000e+000  0.000000e+000  0.000000e+000  0.000000e+000  0.000000e+000  0.000000e+000  
0.000000e+000  0.000000e+000  0.000000e+000  0.000000e+000  0.000000e+000  0.000000e+000  0.000000e+000  0.000000e+000  0.000000e+000  0.000000e+000  0.000000e+000  0.000000e+000  0.000000e+000  
0.000000e+000  0.000000e+000  0.000000e+000  0.000000e+000  0.000000e+000  0.000000e+000  0.000000e+000  0.000000e+000  0.000000e+000  0.000000e+000  0.000000e+000  0.000000e+000  0.000000e+000  
0.000000e+000  0.000000e+000  0.000000e+000  0.000000e+000  0.000000e+000  0.000000e+000  0.000000e+000  0.000000e+000  0.000000e+000  0.000000e+000  0.000000e+000  0.000000e+000  0.000000e+000  
0.000000e+000  0.000000e+000  0.000000e+000  0.000000e+000  0.000000e+000  0.000000e+000  0.000000e+000  0.000000e+000  0.000000e+000  0.000000e+000  0.000000e+000  0.000000e+000  0.000000e+000  
0.000000e+000  0.000000e+000  0.000000e+000  0.000000e+000  0.000000e+000  0.000000e+000  0.000000e+000  0.000000e+000  0.000000e+000  0.000000e+000  0.000000e+000  0.000000e+000  0.000000e+000  
0.000000e+000  0.000000e+000  0.000000e+000  0.000000e+000  0.000000e+000  0.000000e+000  0.000000e+000  0.000000e+000  0.000000e+000  0.000000e+000  0.000000e+000  0.000000e+000  0.000000e+000  
0.000000e+000  0.000000e+000  0.000000e+000  0.000000e+000  0.000000e+000  0.000000e+000  0.000000e+000  0.000000e+000  0.000000e+000  0.000000e+000  0.000000e+000  0.000000e+000  0.000000e+000  

2.841872e+000  2.824994e+000  2.792244e+000  2.744883e+000  2.684606e+000  2.607320e+000  2.513573e+000  2.413912e+000  2.220571e+000  1.841737e+000  1.482371e+000  1.295459e+000  0.000000e+000  
2.865722e+000  2.847922e+000  2.813978e+000  2.764998e+000  2.702421e+000  2.621948e+000  2.525426e+000  2.423705e+000  2.227376e+000  1.844503e+000  1.482540e+000  1.294624e+000  0.000000e+000  
2.914296e+000  2.894085e+000  2.857883e+000  2.805880e+000  2.738644e+000  2.650833e+000  2.548734e+000  2.443031e+000  2.240896e+000  1.849977e+000  1.482836e+000  1.292926e+000  0.000000e+000  
2.989831e+000  2.963506e+000  2.924762e+000  2.869077e+000  2.795168e+000  2.692608e+000  2.582589e+000  2.471405e+000  2.260963e+000  1.858039e+000  1.483173e+000  1.290304e+000  0.000000e+000  
3.046860e+000  3.030881e+000  2.993314e+000  2.935610e+000  2.856831e+000  2.745474e+000  2.628219e+000  2.510502e+000  2.288975e+000  1.869152e+000  1.483437e+000  1.286448e+000  0.000000e+000  
3.113826e+000  3.095596e+000  3.057623e+000  2.999723e+000  2.921613e+000  2.811835e+000  2.687633e+000  2.562177e+000  2.326294e+000  1.883624e+000  1.483379e+000  1.280940e+000  0.000000e+000  
3.196835e+000  3.178016e+000  3.139883e+000  3.082164e+000  3.004760e+000  2.892014e+000  2.759070e+000  2.624317e+000  2.371031e+000  1.900387e+000  1.482672e+000  1.273794e+000  0.000000e+000  
3.296426e+000  3.277580e+000  3.239625e+000  3.182266e+000  3.105282e+000  2.987330e+000  2.843255e+000  2.697140e+000  2.422863e+000  1.918897e+000  1.480937e+000  1.264759e+000  0.000000e+000  
3.412509e+000  3.393942e+000  3.356535e+000  3.299843e+000  3.223362e+000  3.098622e+000  2.940712e+000  2.780786e+000  2.481360e+000  1.938483e+000  1.477727e+000  1.253550e+000  0.000000e+000  
3.544643e+000  3.526673e+000  3.490340e+000  3.434930e+000  3.359523e+000  3.226634e+000  3.051824e+000  2.875255e+000  2.545918e+000  1.958324e+000  1.472521e+000  1.239848e+000  0.000000e+000  
3.701182e+000  3.684322e+000  3.650000e+000  3.597082e+000  3.524044e+000  3.381154e+000  3.184618e+000  2.986893e+000  2.620016e+000  1.978612e+000  1.464252e+000  1.222278e+000  0.000000e+000  
3.884390e+000  3.869559e+000  3.838971e+000  3.790863e+000  3.722808e+000  3.567806e+000  3.342905e+000  3.117907e+000  2.703417e+000  1.997551e+000  1.451362e+000  1.199597e+000  0.000000e+000  
4.082048e+000  4.070536e+000  4.046149e+000  4.006251e+000  3.947148e+000  3.778596e+000  3.518667e+000  3.260523e+000  2.789331e+000  2.011907e+000  1.433319e+000  1.172294e+000  0.000000e+000  
4.469171e+000  4.467386e+000  4.461402e+000  4.446420e+000  4.415441e+000  4.219100e+000  3.877883e+000  3.544467e+000  2.947989e+000  2.025617e+000  1.387950e+000  1.111649e+000  0.000000e+000  
5.003731e+000  5.041006e+000  5.111290e+000  5.204833e+000  5.304373e+000  5.059021e+000  4.497840e+000  3.978175e+000  3.105003e+000  1.953573e+000  1.258854e+000  9.768879e-001  0.000000e+000  
5.068642e+000  5.162205e+000  5.352354e+000  5.640259e+000  6.010607e+000  5.721828e+000  4.833269e+000  4.102203e+000  3.009190e+000  1.788256e+000  1.113180e+000  8.486826e-001  0.000000e+000  
4.967369e+000  5.086778e+000  5.339206e+000  5.751731e+000  6.352671e+000  6.029244e+000  4.884040e+000  4.043140e+000  2.882877e+000  1.671526e+000  1.023270e+000  7.730495e-001  0.000000e+000  
4.694773e+000  4.821181e+000  5.098361e+000  5.596039e+000  6.504914e+000  6.139336e+000  4.662773e+000  3.785886e+000  2.667346e+000  1.525329e+000  9.215103e-001  6.906428e-001  0.000000e+000  
4.230228e+000  4.329350e+000  4.533422e+000  4.849458e+000  5.260695e+000  4.555792e+000  3.859839e+000  3.259285e+000  2.355110e+000  1.346365e+000  8.056005e-001  5.996270e-001  0.000000e+000  
3.597119e+000  3.659294e+000  3.777502e+000  3.932266e+000  4.071433e+000  3.213867e+000  2.956373e+000  2.608948e+000  1.965801e+000  1.135697e+000  6.755217e-001  5.000055e-001  0.000000e+000  
2.863873e+000  2.898294e+000  2.959924e+000  3.032096e+000  3.086007e+000  2.282013e+000  2.166875e+000  1.967513e+000  1.540487e+000  9.034476e-001  5.357690e-001  3.948981e-001  0.000000e+000  
2.073730e+000  2.091257e+000  2.121431e+000  2.154490e+000  2.177018e+000  1.538368e+000  1.480659e+000  1.367117e+000  1.101529e+000  6.555118e-001  3.882942e-001  2.853511e-001  0.000000e+000  
1.253584e+000  1.261574e+000  1.275017e+000  1.289219e+000  1.298482e+000  8.913224e-001  8.631617e-001  8.043431e-001  6.600771e-001  3.971909e-001  2.352277e-001  1.725411e-001  0.000000e+000  
4.192454e-001  4.215246e-001  4.253191e-001  4.292643e-001  4.317926e-001  2.922214e-001  2.836862e-001  2.654394e-001  2.197636e-001  1.330236e-001  7.878517e-002  5.773725e-002  0.000000e+000  
-4.192454e-001  -4.215246e-001  -4.253191e-001  -4.292643e-001  -4.317926e-001  -2.922214e-001  -2.836862e-001  -2.654394e-001  -2.197636e-001  -1.330236e-001  -7.878517e-002  -5.773725e-002  0.000000e+000  
-1.253584e+000  -1.261574e+000  -1.275017e+000  -1.289219e+000  -1.298482e+000  -8.913224e-001  -8.631617e-001  -8.043431e-001  -6.600771e-001  -3.971909e-001  -2.352277e-001  -1.725411e-001  0.000000e+000  
-2.073730e+000  -2.091257e+000  -2.121431e+000  -2.154490e+000  -2.177018e+000  -1.538368e+000  -1.480659e+000  -1.367117e+000  -1.101529e+000  -6.555118e-001  -3.882942e-001  -2.853511e-001  0.000000e+000  
-2.863873e+000  -2.898294e+000  -2.959924e+000  -3.032096e+000  -3.086007e+000  -2.282013e+000  -2.166875e+000  -1.967513e+000  -1.540487e+000  -9.034476e-001  -5.357690e-001  -3.948981e-001  0.000000e+000  
-3.597119e+000  -3.659294e+000  -3.777502e+000  -3.932266e+000  -4.071433e+000  -3.213867e+000  -2.956373e+000  -2.608948e+000  -1.965801e+000  -1.135697e+000  -6.755217e-001  -5.000055e-001  0.000000e+000  
-4.230228e+000  -4.329350e+000  -4.533422e+000  -4.849458e+000  -5.260695e+000  -4.555792e+000  -3.859839e+000  -3.259285e+000  -2.355110e+000  -1.346365e+000  -8.056005e-001  -5.996270e-001  0.000000e+000  
-4.694773e+000  -4.821181e+000  -5.098361e+000  -5.596039e+000  -6.504914e+000  -6.139336e+000  -4.662773e+000  -3.785886e+000  -2.667346e+000  -1.525329e+000  -9.215103e-001  -6.906428e-001  0.000000e+000  
-4.967369e+000  -5.086778e+000  -5.339206e+000  -5.751731e+000  -6.352671e+000  -6.029244e+000  -4.884040e+000  -4.043140e+000  -2.882877e+000  -1.671526e+000  -1.023270e+000  -7.730495e-001  0.000000e+000  
-5.068642e+000  -5.162205e+000  -5.352354e+000  -5.640259e+000  -6.010607e+000  -5.721828e+000  -4.833269e+000  -4.102203e+000  -3.009190e+000  -1.788256e+000  -1.113180e+000  -8.486826e-001  0.000000e+000  
-5.003731e+000  -5.041006e+000  -5.111290e+000  -5.204833e+000  -5.304373e+000  -5.059021e+000  -4.497840e+000  -3.978175e+000  -3.105003e+000  -1.953573e+000  -1.258854e+000  -9.768879e-001  0.000000e+000  
-4.469171e+000  -4.467386e+000  -4.461402e+000  -4.446420e+000  -4.415441e+000  -4.219100e+000  -3.877883e+000  -3.544467e+000  -2.947989e+000  -2.025617e+000  -1.387950e+000  -1.111649e+000  0.000000e+000  
-4.082048e+000  -4.070536e+000  -4.046149e+000  -4.006251e+000  -3.947148e+000  -3.778596e+000  -3.518667e+000  -3.260523e+000  -2.789331e+000  -2.011907e+000  -1.433319e+000  -1.172294e+000  0.000000e+000  
-3.884390e+000  -3.869559e+000  -3.838971e+000  -3.790863e+000  -3.722808e+000  -3.567806e+000  -3.342905e+000  -3.117907e+000  -2.703417e+000  -1.997551e+000  -1.451362e+000  -1.199597e+000  0.000000e+000  
-3.701182e+000  -3.684322e+000  -3.650000e+000  -3.597082e+000  -3.524044e+000  -3.381154e+000  -3.184618e+000  -2.986893e+000  -2.620016e+000  -1.978612e+000  -1.464252e+000  -1.222278e+000  0.000000e+000  
-3.544643e+000  -3.526673e+000  -3.490340e+000  -3.434930e+000  -3.359523e+000  -3.226634e+000  -3.051824e+000  -2.875255e+000  -2.545918e+000  -1.958324e+000  -1.472521e+000  -1.239848e+000  0.000000e+000  
-3.412509e+000  -3.393942e+000  -3.356535e+000  -3.299843e+000  -3.223362e+000  -3.098622e+000  -2.940712e+000  -2.780786e+000  -2.481360e+000  -1.938483e+000  -1.477727e+000  -1.253550e+000  0.000000e+000  
-3.296426e+000  -3.277580e+000  -3.239625e+000  -3.182266e+000  -3.105282e+000  -2.987330e+000  -2.843255e+000  -2.697140e+000  -2.422863e+000  -1.918897e+000  -1.480937e+000  -1.264759e+000  0.000000e+000  
-3.196835e+000  -3.178016e+000  -3.139883e+000  -3.082164e+000  -3.004760e+000  -2.892014e+000  -2.759070e+000  -2.624317e+000  -2.371031e+000  -1.900387e+000  -1.482672e+000  -1.273794e+000  0.000000e+000  
-3.113826e+000  -3.095596e+000  -3.057623e+000  -2.999723e+000  -2.921613e+000  -2.811835e+000  -2.687633e+000  -2.562177e+000  -2.326294e+000  -1.883624e+000  -1.483379e+000  -1.280940e+000  0.000000e+000  
-3.046860e+000  -3.030881e+000  -2.993314e+000  -2.935610e+000  -2.856831e+000  -2.745474e+000  -2.628219e+000  -2.510502e+000  -2.288975e+000  -1.869152e+000  -1.483437e+000  -1.286448e+000  0.000000e+000  
-2.989831e+000  -2.963506e+000  -2.924762e+000  -2.869077e+000  -2.795168e+000  -2.692608e+000  -2.582589e+000  -2.471405e+000  -2.260963e+000  -1.858039e+000  -1.483173e+000  -1.290304e+000  0.000000e+000  
-2.914296e+000  -2.894085e+000  -2.857883e+000  -2.805880e+000  -2.738644e+000  -2.650833e+000  -2.548734e+000  -2.443031e+000  -2.240896e+000  -1.849977e+000  -1.482836e+000  -1.292926e+000  0.000000e+000  
-2.865722e+000  -2.847922e+000  -2.813978e+000  -2.764998e+000  -2.702421e+000  -2.621948e+000  -2.525426e+000  -2.423705e+000  -2.227376e+000  -1.844503e+000  -1.482540e+000  -1.294624e+000  0.000000e+000  
-2.841872e+000  -2.824994e+000  -2.792244e+000  -2.744883e+000  -2.684606e+000  -2.607320e+000  -2.513573e+000  -2.413912e+000  -2.220571e+000  -1.841737e+000  -1.482371e+000  -1.295459e+000  0.000000e+000  
0.000000e+000  0.000000e+000  0.000000e+000  0.000000e+000  0.000000e+000  0.000000e+000  0.000000e+000  0.000000e+000  0.000000e+000  0.000000e+000  0.000000e+000  0.000000e+000  0.000000e+000  

